{"/home/travis/build/npmtest/node-npmtest-jquery-ui/test.js":{"path":"/home/travis/build/npmtest/node-npmtest-jquery-ui/test.js","s":{"1":2,"2":2,"3":2,"4":2,"5":2,"6":2,"7":2,"8":1,"9":2,"10":2,"11":1,"12":1,"13":1,"14":1,"15":2,"16":2,"17":2,"18":2,"19":1,"20":1,"21":2,"22":2,"23":2,"24":1,"25":1,"26":1,"27":1,"28":1,"29":1,"30":1,"31":1,"32":1,"33":1,"34":1,"35":1,"36":1,"37":1,"38":1,"39":2,"40":2,"41":1,"42":2,"43":2,"44":1,"45":2,"46":2,"47":1,"48":2,"49":2,"50":1,"51":1,"52":1,"53":1,"54":1},"b":{"1":[2,1,1,1],"2":[1,1,1,1],"3":[1,1],"4":[1,1],"5":[1,1],"6":[1,1],"7":[1,1],"8":[1,1],"9":[1,1],"10":[1,1,1],"11":[1,1],"12":[1,1],"13":[1,1],"14":[1,1],"15":[1,1],"16":[1,1],"17":[1,1]},"f":{"1":2,"2":2,"3":2,"4":2,"5":2,"6":1,"7":1,"8":1,"9":2,"10":2,"11":2,"12":2,"13":1},"fnMap":{"1":{"name":"(anonymous_1)","line":12,"loc":{"start":{"line":12,"column":1},"end":{"line":12,"column":13}}},"2":{"name":"(anonymous_2)","line":19,"loc":{"start":{"line":19,"column":5},"end":{"line":19,"column":17}}},"3":{"name":"(anonymous_3)","line":23,"loc":{"start":{"line":23,"column":24},"end":{"line":23,"column":36}}},"4":{"name":"(anonymous_4)","line":61,"loc":{"start":{"line":61,"column":5},"end":{"line":61,"column":17}}},"5":{"name":"(anonymous_5)","line":82,"loc":{"start":{"line":82,"column":5},"end":{"line":82,"column":17}}},"6":{"name":"(anonymous_6)","line":91,"loc":{"start":{"line":91,"column":77},"end":{"line":94,"column":10}}},"7":{"name":"(anonymous_7)","line":112,"loc":{"start":{"line":112,"column":83},"end":{"line":115,"column":10}},"skip":true},"8":{"name":"(anonymous_8)","line":123,"loc":{"start":{"line":123,"column":77},"end":{"line":126,"column":10}},"skip":true},"9":{"name":"(anonymous_9)","line":139,"loc":{"start":{"line":139,"column":12},"end":{"line":139,"column":40}},"skip":true},"10":{"name":"(anonymous_10)","line":147,"loc":{"start":{"line":147,"column":77},"end":{"line":150,"column":10}},"skip":true},"11":{"name":"(anonymous_11)","line":158,"loc":{"start":{"line":158,"column":83},"end":{"line":161,"column":10}},"skip":true},"12":{"name":"(anonymous_12)","line":169,"loc":{"start":{"line":169,"column":79},"end":{"line":172,"column":10}},"skip":true},"13":{"name":"(anonymous_13)","line":180,"loc":{"start":{"line":180,"column":75},"end":{"line":183,"column":10}},"skip":true}},"statementMap":{"1":{"start":{"line":12,"column":0},"end":{"line":195,"column":5}},"2":{"start":{"line":14,"column":4},"end":{"line":14,"column":14}},"3":{"start":{"line":19,"column":4},"end":{"line":56,"column":9}},"4":{"start":{"line":21,"column":8},"end":{"line":21,"column":19}},"5":{"start":{"line":23,"column":8},"end":{"line":35,"column":13}},"6":{"start":{"line":24,"column":12},"end":{"line":34,"column":13}},"7":{"start":{"line":25,"column":16},"end":{"line":28,"column":30}},"8":{"start":{"line":30,"column":16},"end":{"line":33,"column":27}},"9":{"start":{"line":37,"column":8},"end":{"line":39,"column":21}},"10":{"start":{"line":40,"column":8},"end":{"line":53,"column":9}},"11":{"start":{"line":43,"column":12},"end":{"line":46,"column":14}},"12":{"start":{"line":47,"column":12},"end":{"line":47,"column":18}},"13":{"start":{"line":50,"column":12},"end":{"line":51,"column":46}},"14":{"start":{"line":52,"column":12},"end":{"line":52,"column":18}},"15":{"start":{"line":55,"column":8},"end":{"line":55,"column":35}},"16":{"start":{"line":61,"column":4},"end":{"line":63,"column":9}},"17":{"start":{"line":62,"column":8},"end":{"line":62,"column":15}},"18":{"start":{"line":64,"column":4},"end":{"line":77,"column":5}},"19":{"start":{"line":70,"column":8},"end":{"line":70,"column":14}},"20":{"start":{"line":76,"column":8},"end":{"line":76,"column":14}},"21":{"start":{"line":82,"column":4},"end":{"line":84,"column":9}},"22":{"start":{"line":83,"column":8},"end":{"line":83,"column":15}},"23":{"start":{"line":85,"column":4},"end":{"line":194,"column":5}},"24":{"start":{"line":91,"column":8},"end":{"line":99,"column":10}},"25":{"start":{"line":98,"column":12},"end":{"line":98,"column":35}},"26":{"start":{"line":102,"column":8},"end":{"line":104,"column":63}},"27":{"start":{"line":105,"column":8},"end":{"line":105,"column":14}},"28":{"start":{"line":112,"column":8},"end":{"line":121,"column":10},"skip":true},"29":{"start":{"line":119,"column":12},"end":{"line":119,"column":55},"skip":true},"30":{"start":{"line":120,"column":12},"end":{"line":120,"column":48},"skip":true},"31":{"start":{"line":123,"column":8},"end":{"line":136,"column":10},"skip":true},"32":{"start":{"line":130,"column":12},"end":{"line":130,"column":76},"skip":true},"33":{"start":{"line":131,"column":12},"end":{"line":131,"column":73},"skip":true},"34":{"start":{"line":132,"column":12},"end":{"line":132,"column":74},"skip":true},"35":{"start":{"line":133,"column":12},"end":{"line":133,"column":79},"skip":true},"36":{"start":{"line":134,"column":12},"end":{"line":134,"column":25},"skip":true},"37":{"start":{"line":135,"column":12},"end":{"line":135,"column":45},"skip":true},"38":{"start":{"line":138,"column":8},"end":{"line":145,"column":14},"skip":true},"39":{"start":{"line":143,"column":16},"end":{"line":143,"column":29},"skip":true},"40":{"start":{"line":144,"column":16},"end":{"line":144,"column":55},"skip":true},"41":{"start":{"line":147,"column":8},"end":{"line":156,"column":10},"skip":true},"42":{"start":{"line":154,"column":12},"end":{"line":154,"column":25},"skip":true},"43":{"start":{"line":155,"column":12},"end":{"line":155,"column":45},"skip":true},"44":{"start":{"line":158,"column":8},"end":{"line":167,"column":10},"skip":true},"45":{"start":{"line":165,"column":12},"end":{"line":165,"column":25},"skip":true},"46":{"start":{"line":166,"column":12},"end":{"line":166,"column":48},"skip":true},"47":{"start":{"line":169,"column":8},"end":{"line":178,"column":10},"skip":true},"48":{"start":{"line":176,"column":12},"end":{"line":176,"column":25},"skip":true},"49":{"start":{"line":177,"column":12},"end":{"line":177,"column":46},"skip":true},"50":{"start":{"line":180,"column":8},"end":{"line":189,"column":10},"skip":true},"51":{"start":{"line":187,"column":12},"end":{"line":187,"column":94},"skip":true},"52":{"start":{"line":188,"column":12},"end":{"line":188,"column":48},"skip":true},"53":{"start":{"line":192,"column":8},"end":{"line":192,"column":35},"skip":true},"54":{"start":{"line":193,"column":8},"end":{"line":193,"column":14},"skip":true}},"branchMap":{"1":{"line":25,"type":"binary-expr","locations":[{"start":{"line":25,"column":23},"end":{"line":25,"column":62}},{"start":{"line":26,"column":20},"end":{"line":26,"column":70}},{"start":{"line":27,"column":20},"end":{"line":27,"column":71}},{"start":{"line":28,"column":20},"end":{"line":28,"column":29}}]},"2":{"line":30,"type":"binary-expr","locations":[{"start":{"line":30,"column":23},"end":{"line":30,"column":37}},{"start":{"line":31,"column":20},"end":{"line":31,"column":61}},{"start":{"line":32,"column":20},"end":{"line":32,"column":70}},{"start":{"line":33,"column":20},"end":{"line":33,"column":26}}]},"3":{"line":37,"type":"cond-expr","locations":[{"start":{"line":38,"column":14},"end":{"line":38,"column":20}},{"start":{"line":39,"column":14},"end":{"line":39,"column":20}}]},"4":{"line":40,"type":"switch","locations":[{"start":{"line":42,"column":8},"end":{"line":47,"column":18}},{"start":{"line":49,"column":8},"end":{"line":52,"column":18}}]},"5":{"line":44,"type":"binary-expr","locations":[{"start":{"line":44,"column":16},"end":{"line":44,"column":44}},{"start":{"line":44,"column":48},"end":{"line":44,"column":66}}]},"6":{"line":50,"type":"binary-expr","locations":[{"start":{"line":50,"column":21},"end":{"line":50,"column":49}},{"start":{"line":50,"column":53},"end":{"line":50,"column":72}}]},"7":{"line":64,"type":"switch","locations":[{"start":{"line":69,"column":4},"end":{"line":70,"column":14}},{"start":{"line":75,"column":4},"end":{"line":76,"column":14}}]},"8":{"line":85,"type":"switch","locations":[{"start":{"line":90,"column":4},"end":{"line":105,"column":14}},{"start":{"line":111,"column":4},"end":{"line":193,"column":14},"skip":true}]},"9":{"line":91,"type":"binary-expr","locations":[{"start":{"line":91,"column":42},"end":{"line":91,"column":73}},{"start":{"line":91,"column":77},"end":{"line":99,"column":9}}]},"10":{"line":102,"type":"binary-expr","locations":[{"start":{"line":102,"column":18},"end":{"line":102,"column":32}},{"start":{"line":103,"column":12},"end":{"line":103,"column":53}},{"start":{"line":104,"column":12},"end":{"line":104,"column":61}}]},"11":{"line":112,"type":"binary-expr","locations":[{"start":{"line":112,"column":45},"end":{"line":112,"column":79},"skip":true},{"start":{"line":112,"column":83},"end":{"line":121,"column":9},"skip":true}]},"12":{"line":123,"type":"binary-expr","locations":[{"start":{"line":123,"column":42},"end":{"line":123,"column":73},"skip":true},{"start":{"line":123,"column":77},"end":{"line":136,"column":9},"skip":true}]},"13":{"line":138,"type":"binary-expr","locations":[{"start":{"line":138,"column":48},"end":{"line":138,"column":85},"skip":true},{"start":{"line":139,"column":12},"end":{"line":145,"column":13},"skip":true}]},"14":{"line":147,"type":"binary-expr","locations":[{"start":{"line":147,"column":42},"end":{"line":147,"column":73},"skip":true},{"start":{"line":147,"column":77},"end":{"line":156,"column":9},"skip":true}]},"15":{"line":158,"type":"binary-expr","locations":[{"start":{"line":158,"column":45},"end":{"line":158,"column":79},"skip":true},{"start":{"line":158,"column":83},"end":{"line":167,"column":9},"skip":true}]},"16":{"line":169,"type":"binary-expr","locations":[{"start":{"line":169,"column":43},"end":{"line":169,"column":75},"skip":true},{"start":{"line":169,"column":79},"end":{"line":178,"column":9},"skip":true}]},"17":{"line":180,"type":"binary-expr","locations":[{"start":{"line":180,"column":41},"end":{"line":180,"column":71},"skip":true},{"start":{"line":180,"column":75},"end":{"line":189,"column":9},"skip":true}]}},"code":["/* istanbul instrument in package npmtest_jquery_ui */","/*jslint","    bitwise: true,","    browser: true,","    maxerr: 8,","    maxlen: 96,","    node: true,","    nomen: true,","    regexp: true,","    stupid: true","*/","(function () {","    'use strict';","    var local;","","","","    // run shared js-env code - pre-init","    (function () {","        // init local","        local = {};","        // init modeJs","        local.modeJs = (function () {","            try {","                return typeof navigator.userAgent === 'string' &&","                    typeof document.querySelector('body') === 'object' &&","                    typeof XMLHttpRequest.prototype.open === 'function' &&","                    'browser';","            } catch (errorCaughtBrowser) {","                return module.exports &&","                    typeof process.versions.node === 'string' &&","                    typeof require('http').createServer === 'function' &&","                    'node';","            }","        }());","        // init global","        local.global = local.modeJs === 'browser'","            ? window","            : global;","        switch (local.modeJs) {","        // re-init local from window.local","        case 'browser':","            local = local.global.utility2.objectSetDefault(","                local.global.utility2_rollup || local.global.local,","                local.global.utility2","            );","            break;","        // re-init local from example.js","        case 'node':","            local = (local.global.utility2_rollup || require('utility2'))","                .requireExampleJsFromReadme();","            break;","        }","        // export local","        local.global.local = local;","    }());","","","","    // run shared js-env code - function","    (function () {","        return;","    }());","    switch (local.modeJs) {","","","","    // run browser js-env code - function","    case 'browser':","        break;","","","","    // run node js-env code - function","    case 'node':","        break;","    }","","","","    // run shared js-env code - post-init","    (function () {","        return;","    }());","    switch (local.modeJs) {","","","","    // run browser js-env code - post-init","    case 'browser':","        local.testCase_browser_nullCase = local.testCase_browser_nullCase || function (","            options,","            onError","        ) {","        /*","         * this function will test browsers's null-case handling-behavior-behavior","         */","            onError(null, options);","        };","","        // run tests","        local.nop(local.modeTest &&","            document.querySelector('#testRunButton1') &&","            document.querySelector('#testRunButton1').click());","        break;","","","","    // run node js-env code - post-init","    /* istanbul ignore next */","    case 'node':","        local.testCase_buildApidoc_default = local.testCase_buildApidoc_default || function (","            options,","            onError","        ) {","        /*","         * this function will test buildApidoc's default handling-behavior-behavior","         */","            options = { modulePathList: module.paths };","            local.buildApidoc(options, onError);","        };","","        local.testCase_buildApp_default = local.testCase_buildApp_default || function (","            options,","            onError","        ) {","        /*","         * this function will test buildApp's default handling-behavior-behavior","         */","            local.testCase_buildReadme_default(options, local.onErrorThrow);","            local.testCase_buildLib_default(options, local.onErrorThrow);","            local.testCase_buildTest_default(options, local.onErrorThrow);","            local.testCase_buildCustomOrg_default(options, local.onErrorThrow);","            options = [];","            local.buildApp(options, onError);","        };","","        local.testCase_buildCustomOrg_default = local.testCase_buildCustomOrg_default ||","            function (options, onError) {","            /*","             * this function will test buildCustomOrg's default handling-behavior","             */","                options = {};","                local.buildCustomOrg(options, onError);","            };","","        local.testCase_buildLib_default = local.testCase_buildLib_default || function (","            options,","            onError","        ) {","        /*","         * this function will test buildLib's default handling-behavior","         */","            options = {};","            local.buildLib(options, onError);","        };","","        local.testCase_buildReadme_default = local.testCase_buildReadme_default || function (","            options,","            onError","        ) {","        /*","         * this function will test buildReadme's default handling-behavior-behavior","         */","            options = {};","            local.buildReadme(options, onError);","        };","","        local.testCase_buildTest_default = local.testCase_buildTest_default || function (","            options,","            onError","        ) {","        /*","         * this function will test buildTest's default handling-behavior","         */","            options = {};","            local.buildTest(options, onError);","        };","","        local.testCase_webpage_default = local.testCase_webpage_default || function (","            options,","            onError","        ) {","        /*","         * this function will test webpage's default handling-behavior","         */","            options = { modeCoverageMerge: true, url: local.serverLocalHost + '?modeTest=1' };","            local.browserTest(options, onError);","        };","","        // run test-server","        local.testRunServer(local);","        break;","    }","}());",""],"l":{"12":2,"14":2,"19":2,"21":2,"23":2,"24":2,"25":2,"30":1,"37":2,"40":2,"43":1,"47":1,"50":1,"52":1,"55":2,"61":2,"62":2,"64":2,"70":1,"76":1,"82":2,"83":2,"85":2,"91":1,"98":1,"102":1,"105":1,"112":1,"119":1,"120":1,"123":1,"130":1,"131":1,"132":1,"133":1,"134":1,"135":1,"138":1,"143":2,"144":2,"147":1,"154":2,"155":2,"158":1,"165":2,"166":2,"169":1,"176":2,"177":2,"180":1,"187":1,"188":1,"192":1,"193":1}},"/home/travis/build/npmtest/node-npmtest-jquery-ui/lib.npmtest_jquery_ui.js":{"path":"/home/travis/build/npmtest/node-npmtest-jquery-ui/lib.npmtest_jquery_ui.js","s":{"1":2,"2":2,"3":2,"4":2,"5":2,"6":2,"7":2,"8":1,"9":2,"10":2,"11":2,"12":2,"13":1,"14":1,"15":1,"16":1},"b":{"1":[2,1,1,1],"2":[1,1,1,1],"3":[1,1],"4":[2,2],"5":[1,1]},"f":{"1":2,"2":2,"3":2},"fnMap":{"1":{"name":"(anonymous_1)","line":12,"loc":{"start":{"line":12,"column":1},"end":{"line":12,"column":13}}},"2":{"name":"(anonymous_2)","line":19,"loc":{"start":{"line":19,"column":5},"end":{"line":19,"column":17}}},"3":{"name":"(anonymous_3)","line":23,"loc":{"start":{"line":23,"column":24},"end":{"line":23,"column":36}}}},"statementMap":{"1":{"start":{"line":12,"column":0},"end":{"line":53,"column":5}},"2":{"start":{"line":14,"column":4},"end":{"line":14,"column":14}},"3":{"start":{"line":19,"column":4},"end":{"line":52,"column":9}},"4":{"start":{"line":21,"column":8},"end":{"line":21,"column":19}},"5":{"start":{"line":23,"column":8},"end":{"line":35,"column":13}},"6":{"start":{"line":24,"column":12},"end":{"line":34,"column":13}},"7":{"start":{"line":25,"column":16},"end":{"line":28,"column":30}},"8":{"start":{"line":30,"column":16},"end":{"line":33,"column":27}},"9":{"start":{"line":37,"column":8},"end":{"line":39,"column":21}},"10":{"start":{"line":41,"column":8},"end":{"line":41,"column":54}},"11":{"start":{"line":43,"column":8},"end":{"line":43,"column":54}},"12":{"start":{"line":45,"column":8},"end":{"line":51,"column":9}},"13":{"start":{"line":46,"column":12},"end":{"line":46,"column":60}},"14":{"start":{"line":48,"column":12},"end":{"line":48,"column":35}},"15":{"start":{"line":49,"column":12},"end":{"line":49,"column":49}},"16":{"start":{"line":50,"column":12},"end":{"line":50,"column":43}}},"branchMap":{"1":{"line":25,"type":"binary-expr","locations":[{"start":{"line":25,"column":23},"end":{"line":25,"column":62}},{"start":{"line":26,"column":20},"end":{"line":26,"column":70}},{"start":{"line":27,"column":20},"end":{"line":27,"column":71}},{"start":{"line":28,"column":20},"end":{"line":28,"column":29}}]},"2":{"line":30,"type":"binary-expr","locations":[{"start":{"line":30,"column":23},"end":{"line":30,"column":37}},{"start":{"line":31,"column":20},"end":{"line":31,"column":61}},{"start":{"line":32,"column":20},"end":{"line":32,"column":70}},{"start":{"line":33,"column":20},"end":{"line":33,"column":26}}]},"3":{"line":37,"type":"cond-expr","locations":[{"start":{"line":38,"column":14},"end":{"line":38,"column":20}},{"start":{"line":39,"column":14},"end":{"line":39,"column":20}}]},"4":{"line":41,"type":"binary-expr","locations":[{"start":{"line":41,"column":16},"end":{"line":41,"column":44}},{"start":{"line":41,"column":48},"end":{"line":41,"column":53}}]},"5":{"line":45,"type":"if","locations":[{"start":{"line":45,"column":8},"end":{"line":45,"column":8}},{"start":{"line":45,"column":8},"end":{"line":45,"column":8}}]}},"code":["/* istanbul instrument in package npmtest_jquery_ui */","/*jslint","    bitwise: true,","    browser: true,","    maxerr: 8,","    maxlen: 96,","    node: true,","    nomen: true,","    regexp: true,","    stupid: true","*/","(function () {","    'use strict';","    var local;","","","","    // run shared js-env code - pre-init","    (function () {","        // init local","        local = {};","        // init modeJs","        local.modeJs = (function () {","            try {","                return typeof navigator.userAgent === 'string' &&","                    typeof document.querySelector('body') === 'object' &&","                    typeof XMLHttpRequest.prototype.open === 'function' &&","                    'browser';","            } catch (errorCaughtBrowser) {","                return module.exports &&","                    typeof process.versions.node === 'string' &&","                    typeof require('http').createServer === 'function' &&","                    'node';","            }","        }());","        // init global","        local.global = local.modeJs === 'browser'","            ? window","            : global;","        // init utility2_rollup","        local = local.global.utility2_rollup || local;","        // init lib","        local.local = local.npmtest_jquery_ui = local;","        // init exports","        if (local.modeJs === 'browser') {","            local.global.utility2_npmtest_jquery_ui = local;","        } else {","            module.exports = local;","            module.exports.__dirname = __dirname;","            module.exports.module = module;","        }","    }());","}());",""],"l":{"12":2,"14":2,"19":2,"21":2,"23":2,"24":2,"25":2,"30":1,"37":2,"41":2,"43":2,"45":2,"46":1,"48":1,"49":1,"50":1}},"/home/travis/build/npmtest/node-npmtest-jquery-ui/example.js":{"path":"/home/travis/build/npmtest/node-npmtest-jquery-ui/example.js","s":{"1":2,"2":2,"3":2,"4":2,"5":2,"6":2,"7":2,"8":1,"9":2,"10":2,"11":2,"12":2,"13":1,"14":2,"15":2,"16":2,"17":2,"18":2,"19":0,"20":2,"21":1,"22":1,"23":1,"24":1,"25":1,"26":0,"27":0,"28":1,"29":1,"30":2,"31":0,"32":0,"33":0,"34":1,"35":2,"36":2,"37":3,"38":3,"39":3,"40":3,"41":0,"42":3,"43":3,"44":3,"45":1,"46":3,"47":1,"48":1,"49":1,"50":1,"51":1,"52":1,"53":1,"54":1,"55":1,"56":1,"57":0,"58":1,"59":6,"60":6,"61":1,"62":2,"63":0,"64":2,"65":1,"66":1,"67":0,"68":0,"69":0,"70":0,"71":0,"72":0,"73":0,"74":0,"75":0,"76":0,"77":0,"78":0,"79":0,"80":0,"81":0,"82":0,"83":0},"b":{"1":[2,1,1,1],"2":[1,1,1,1],"3":[1,1],"4":[2,2],"5":[1,1],"6":[1,1],"7":[2,0],"8":[2,1,1,1,1,1],"9":[0,2,0],"10":[1,1],"11":[2,1,1],"12":[1,0],"13":[0,2],"14":[2,0,0,0,0,0,0],"15":[0,3],"16":[3,0],"17":[1,1],"18":[0,1],"19":[1,2,0,2],"20":[1,0],"21":[1,1],"22":[0,0],"23":[0,0],"24":[0,0],"25":[0,0],"26":[0,0],"27":[0,0],"28":[0,0]},"f":{"1":2,"2":2,"3":2,"4":2,"5":2,"6":2,"7":3,"8":3,"9":3,"10":1,"11":6,"12":0},"fnMap":{"1":{"name":"(anonymous_1)","line":26,"loc":{"start":{"line":26,"column":1},"end":{"line":26,"column":13}}},"2":{"name":"(anonymous_2)","line":33,"loc":{"start":{"line":33,"column":5},"end":{"line":33,"column":17}}},"3":{"name":"(anonymous_3)","line":37,"loc":{"start":{"line":37,"column":24},"end":{"line":37,"column":36}}},"4":{"name":"(anonymous_4)","line":69,"loc":{"start":{"line":69,"column":31},"end":{"line":69,"column":48}},"skip":true},"5":{"name":"(anonymous_5)","line":78,"loc":{"start":{"line":78,"column":26},"end":{"line":78,"column":45}},"skip":true},"6":{"name":"(anonymous_6)","line":123,"loc":{"start":{"line":123,"column":33},"end":{"line":123,"column":48}},"skip":true},"7":{"name":"(anonymous_7)","line":125,"loc":{"start":{"line":125,"column":27},"end":{"line":125,"column":39}},"skip":true},"8":{"name":"(anonymous_8)","line":133,"loc":{"start":{"line":133,"column":59},"end":{"line":133,"column":74}},"skip":true},"9":{"name":"(anonymous_9)","line":143,"loc":{"start":{"line":143,"column":45},"end":{"line":143,"column":62}},"skip":true},"10":{"name":"(anonymous_10)","line":144,"loc":{"start":{"line":144,"column":73},"end":{"line":144,"column":92}},"skip":true},"11":{"name":"(anonymous_11)","line":272,"loc":{"start":{"line":272,"column":51},"end":{"line":272,"column":77}},"skip":true},"12":{"name":"(anonymous_12)","line":315,"loc":{"start":{"line":315,"column":32},"end":{"line":315,"column":61}},"skip":true}},"statementMap":{"1":{"start":{"line":26,"column":0},"end":{"line":326,"column":5}},"2":{"start":{"line":28,"column":4},"end":{"line":28,"column":14}},"3":{"start":{"line":33,"column":4},"end":{"line":60,"column":9}},"4":{"start":{"line":35,"column":8},"end":{"line":35,"column":19}},"5":{"start":{"line":37,"column":8},"end":{"line":49,"column":13}},"6":{"start":{"line":38,"column":12},"end":{"line":48,"column":13}},"7":{"start":{"line":39,"column":16},"end":{"line":42,"column":30}},"8":{"start":{"line":44,"column":16},"end":{"line":47,"column":27}},"9":{"start":{"line":51,"column":8},"end":{"line":53,"column":21}},"10":{"start":{"line":55,"column":8},"end":{"line":57,"column":45}},"11":{"start":{"line":59,"column":8},"end":{"line":59,"column":35}},"12":{"start":{"line":61,"column":4},"end":{"line":325,"column":5}},"13":{"start":{"line":69,"column":8},"end":{"line":121,"column":10},"skip":true},"14":{"start":{"line":70,"column":12},"end":{"line":88,"column":13},"skip":true},"15":{"start":{"line":76,"column":16},"end":{"line":87,"column":19},"skip":true},"16":{"start":{"line":79,"column":20},"end":{"line":86,"column":21},"skip":true},"17":{"start":{"line":82,"column":24},"end":{"line":82,"column":43},"skip":true},"18":{"start":{"line":83,"column":24},"end":{"line":83,"column":30},"skip":true},"19":{"start":{"line":85,"column":24},"end":{"line":85,"column":49},"skip":true},"20":{"start":{"line":89,"column":12},"end":{"line":107,"column":13},"skip":true},"21":{"start":{"line":92,"column":16},"end":{"line":102,"column":17},"skip":true},"22":{"start":{"line":93,"column":20},"end":{"line":93,"column":86},"skip":true},"23":{"start":{"line":94,"column":20},"end":{"line":95,"column":45},"skip":true},"24":{"start":{"line":96,"column":20},"end":{"line":96,"column":42},"skip":true},"25":{"start":{"line":97,"column":20},"end":{"line":97,"column":48},"skip":true},"26":{"start":{"line":100,"column":20},"end":{"line":100,"column":85},"skip":true},"27":{"start":{"line":101,"column":20},"end":{"line":101,"column":96},"skip":true},"28":{"start":{"line":103,"column":16},"end":{"line":103,"column":22},"skip":true},"29":{"start":{"line":106,"column":16},"end":{"line":106,"column":22},"skip":true},"30":{"start":{"line":108,"column":12},"end":{"line":120,"column":13},"skip":true},"31":{"start":{"line":114,"column":16},"end":{"line":119,"column":17},"skip":true},"32":{"start":{"line":116,"column":20},"end":{"line":116,"column":78},"skip":true},"33":{"start":{"line":118,"column":20},"end":{"line":118,"column":47},"skip":true},"34":{"start":{"line":123,"column":8},"end":{"line":141,"column":11},"skip":true},"35":{"start":{"line":124,"column":12},"end":{"line":124,"column":54},"skip":true},"36":{"start":{"line":125,"column":12},"end":{"line":140,"column":14},"skip":true},"37":{"start":{"line":126,"column":16},"end":{"line":126,"column":28},"skip":true},"38":{"start":{"line":127,"column":16},"end":{"line":127,"column":69},"skip":true},"39":{"start":{"line":128,"column":16},"end":{"line":128,"column":75},"skip":true},"40":{"start":{"line":129,"column":16},"end":{"line":131,"column":17},"skip":true},"41":{"start":{"line":130,"column":20},"end":{"line":130,"column":27},"skip":true},"42":{"start":{"line":133,"column":16},"end":{"line":137,"column":36},"skip":true},"43":{"start":{"line":134,"column":20},"end":{"line":136,"column":55},"skip":true},"44":{"start":{"line":139,"column":16},"end":{"line":139,"column":57},"skip":true},"45":{"start":{"line":143,"column":8},"end":{"line":147,"column":11},"skip":true},"46":{"start":{"line":144,"column":12},"end":{"line":146,"column":15},"skip":true},"47":{"start":{"line":145,"column":16},"end":{"line":145,"column":70},"skip":true},"48":{"start":{"line":149,"column":8},"end":{"line":149,"column":31},"skip":true},"49":{"start":{"line":150,"column":8},"end":{"line":150,"column":14},"skip":true},"50":{"start":{"line":158,"column":8},"end":{"line":158,"column":31},"skip":true},"51":{"start":{"line":160,"column":8},"end":{"line":160,"column":33},"skip":true},"52":{"start":{"line":161,"column":8},"end":{"line":161,"column":37},"skip":true},"53":{"start":{"line":162,"column":8},"end":{"line":162,"column":35},"skip":true},"54":{"start":{"line":164,"column":8},"end":{"line":164,"column":50},"skip":true},"55":{"start":{"line":166,"column":8},"end":{"line":256,"column":2},"skip":true},"56":{"start":{"line":258,"column":8},"end":{"line":286,"column":9},"skip":true},"57":{"start":{"line":259,"column":12},"end":{"line":269,"column":14},"skip":true},"58":{"start":{"line":271,"column":12},"end":{"line":285,"column":19},"skip":true},"59":{"start":{"line":274,"column":20},"end":{"line":274,"column":35},"skip":true},"60":{"start":{"line":275,"column":20},"end":{"line":284,"column":21},"skip":true},"61":{"start":{"line":277,"column":24},"end":{"line":277,"column":64},"skip":true},"62":{"start":{"line":279,"column":24},"end":{"line":279,"column":40},"skip":true},"63":{"start":{"line":281,"column":24},"end":{"line":281,"column":40},"skip":true},"64":{"start":{"line":283,"column":24},"end":{"line":283,"column":39},"skip":true},"65":{"start":{"line":288,"column":8},"end":{"line":290,"column":9},"skip":true},"66":{"start":{"line":289,"column":12},"end":{"line":289,"column":18},"skip":true},"67":{"start":{"line":291,"column":8},"end":{"line":293,"column":54},"skip":true},"68":{"start":{"line":296,"column":8},"end":{"line":301,"column":37},"skip":true},"69":{"start":{"line":303,"column":8},"end":{"line":303,"column":82},"skip":true},"70":{"start":{"line":306,"column":8},"end":{"line":308,"column":9},"skip":true},"71":{"start":{"line":307,"column":12},"end":{"line":307,"column":82},"skip":true},"72":{"start":{"line":310,"column":8},"end":{"line":312,"column":9},"skip":true},"73":{"start":{"line":311,"column":12},"end":{"line":311,"column":18},"skip":true},"74":{"start":{"line":313,"column":8},"end":{"line":313,"column":54},"skip":true},"75":{"start":{"line":314,"column":8},"end":{"line":314,"column":69},"skip":true},"76":{"start":{"line":315,"column":8},"end":{"line":323,"column":36},"skip":true},"77":{"start":{"line":316,"column":12},"end":{"line":316,"column":61},"skip":true},"78":{"start":{"line":317,"column":12},"end":{"line":320,"column":13},"skip":true},"79":{"start":{"line":318,"column":16},"end":{"line":318,"column":75},"skip":true},"80":{"start":{"line":319,"column":16},"end":{"line":319,"column":23},"skip":true},"81":{"start":{"line":321,"column":12},"end":{"line":321,"column":38},"skip":true},"82":{"start":{"line":322,"column":12},"end":{"line":322,"column":27},"skip":true},"83":{"start":{"line":324,"column":8},"end":{"line":324,"column":14},"skip":true}},"branchMap":{"1":{"line":39,"type":"binary-expr","locations":[{"start":{"line":39,"column":23},"end":{"line":39,"column":62}},{"start":{"line":40,"column":20},"end":{"line":40,"column":70}},{"start":{"line":41,"column":20},"end":{"line":41,"column":71}},{"start":{"line":42,"column":20},"end":{"line":42,"column":29}}]},"2":{"line":44,"type":"binary-expr","locations":[{"start":{"line":44,"column":23},"end":{"line":44,"column":37}},{"start":{"line":45,"column":20},"end":{"line":45,"column":61}},{"start":{"line":46,"column":20},"end":{"line":46,"column":70}},{"start":{"line":47,"column":20},"end":{"line":47,"column":26}}]},"3":{"line":51,"type":"cond-expr","locations":[{"start":{"line":52,"column":14},"end":{"line":52,"column":20}},{"start":{"line":53,"column":14},"end":{"line":53,"column":20}}]},"4":{"line":55,"type":"binary-expr","locations":[{"start":{"line":55,"column":16},"end":{"line":55,"column":44}},{"start":{"line":55,"column":49},"end":{"line":57,"column":43}}]},"5":{"line":55,"type":"cond-expr","locations":[{"start":{"line":56,"column":14},"end":{"line":56,"column":53}},{"start":{"line":57,"column":14},"end":{"line":57,"column":43}}]},"6":{"line":61,"type":"switch","locations":[{"start":{"line":68,"column":4},"end":{"line":150,"column":14},"skip":true},{"start":{"line":156,"column":4},"end":{"line":324,"column":14},"skip":true}]},"7":{"line":70,"type":"if","locations":[{"start":{"line":70,"column":12},"end":{"line":70,"column":12},"skip":true},{"start":{"line":70,"column":12},"end":{"line":70,"column":12},"skip":true}]},"8":{"line":70,"type":"binary-expr","locations":[{"start":{"line":70,"column":16},"end":{"line":70,"column":22},"skip":true},{"start":{"line":70,"column":27},"end":{"line":70,"column":32},"skip":true},{"start":{"line":71,"column":20},"end":{"line":71,"column":39},"skip":true},{"start":{"line":72,"column":20},"end":{"line":72,"column":49},"skip":true},{"start":{"line":73,"column":20},"end":{"line":73,"column":58},"skip":true},{"start":{"line":74,"column":20},"end":{"line":74,"column":69},"skip":true}]},"9":{"line":79,"type":"switch","locations":[{"start":{"line":80,"column":20},"end":{"line":80,"column":33},"skip":true},{"start":{"line":81,"column":20},"end":{"line":83,"column":30},"skip":true},{"start":{"line":84,"column":20},"end":{"line":85,"column":49},"skip":true}]},"10":{"line":89,"type":"switch","locations":[{"start":{"line":90,"column":12},"end":{"line":103,"column":22},"skip":true},{"start":{"line":105,"column":12},"end":{"line":106,"column":22},"skip":true}]},"11":{"line":89,"type":"binary-expr","locations":[{"start":{"line":89,"column":20},"end":{"line":89,"column":25},"skip":true},{"start":{"line":89,"column":29},"end":{"line":89,"column":48},"skip":true},{"start":{"line":89,"column":52},"end":{"line":89,"column":74},"skip":true}]},"12":{"line":92,"type":"if","locations":[{"start":{"line":92,"column":16},"end":{"line":92,"column":16},"skip":true},{"start":{"line":92,"column":16},"end":{"line":92,"column":16},"skip":true}]},"13":{"line":108,"type":"if","locations":[{"start":{"line":108,"column":12},"end":{"line":108,"column":12},"skip":true},{"start":{"line":108,"column":12},"end":{"line":108,"column":12},"skip":true}]},"14":{"line":108,"type":"binary-expr","locations":[{"start":{"line":108,"column":16},"end":{"line":108,"column":61},"skip":true},{"start":{"line":108,"column":66},"end":{"line":108,"column":72},"skip":true},{"start":{"line":108,"column":77},"end":{"line":108,"column":82},"skip":true},{"start":{"line":109,"column":20},"end":{"line":109,"column":39},"skip":true},{"start":{"line":110,"column":20},"end":{"line":110,"column":49},"skip":true},{"start":{"line":111,"column":20},"end":{"line":111,"column":58},"skip":true},{"start":{"line":112,"column":20},"end":{"line":112,"column":68},"skip":true}]},"15":{"line":129,"type":"if","locations":[{"start":{"line":129,"column":16},"end":{"line":129,"column":16},"skip":true},{"start":{"line":129,"column":16},"end":{"line":129,"column":16},"skip":true}]},"16":{"line":134,"type":"cond-expr","locations":[{"start":{"line":135,"column":26},"end":{"line":135,"column":29},"skip":true},{"start":{"line":136,"column":26},"end":{"line":136,"column":54},"skip":true}]},"17":{"line":164,"type":"binary-expr","locations":[{"start":{"line":164,"column":27},"end":{"line":164,"column":43},"skip":true},{"start":{"line":164,"column":47},"end":{"line":164,"column":49},"skip":true}]},"18":{"line":258,"type":"if","locations":[{"start":{"line":258,"column":8},"end":{"line":258,"column":8},"skip":true},{"start":{"line":258,"column":8},"end":{"line":258,"column":8},"skip":true}]},"19":{"line":275,"type":"switch","locations":[{"start":{"line":276,"column":20},"end":{"line":277,"column":64},"skip":true},{"start":{"line":278,"column":20},"end":{"line":279,"column":40},"skip":true},{"start":{"line":280,"column":20},"end":{"line":281,"column":40},"skip":true},{"start":{"line":282,"column":20},"end":{"line":283,"column":39},"skip":true}]},"20":{"line":288,"type":"if","locations":[{"start":{"line":288,"column":8},"end":{"line":288,"column":8},"skip":true},{"start":{"line":288,"column":8},"end":{"line":288,"column":8},"skip":true}]},"21":{"line":288,"type":"binary-expr","locations":[{"start":{"line":288,"column":12},"end":{"line":288,"column":40},"skip":true},{"start":{"line":288,"column":44},"end":{"line":288,"column":67},"skip":true}]},"22":{"line":292,"type":"binary-expr","locations":[{"start":{"line":292,"column":12},"end":{"line":292,"column":50},"skip":true},{"start":{"line":293,"column":12},"end":{"line":293,"column":53},"skip":true}]},"23":{"line":297,"type":"binary-expr","locations":[{"start":{"line":297,"column":12},"end":{"line":297,"column":67},"skip":true},{"start":{"line":298,"column":12},"end":{"line":301,"column":36},"skip":true}]},"24":{"line":303,"type":"binary-expr","locations":[{"start":{"line":303,"column":43},"end":{"line":303,"column":75},"skip":true},{"start":{"line":303,"column":79},"end":{"line":303,"column":81},"skip":true}]},"25":{"line":306,"type":"if","locations":[{"start":{"line":306,"column":8},"end":{"line":306,"column":8},"skip":true},{"start":{"line":306,"column":8},"end":{"line":306,"column":8},"skip":true}]},"26":{"line":310,"type":"if","locations":[{"start":{"line":310,"column":8},"end":{"line":310,"column":8},"skip":true},{"start":{"line":310,"column":8},"end":{"line":310,"column":8},"skip":true}]},"27":{"line":313,"type":"binary-expr","locations":[{"start":{"line":313,"column":27},"end":{"line":313,"column":43},"skip":true},{"start":{"line":313,"column":47},"end":{"line":313,"column":53},"skip":true}]},"28":{"line":317,"type":"if","locations":[{"start":{"line":317,"column":12},"end":{"line":317,"column":12},"skip":true},{"start":{"line":317,"column":12},"end":{"line":317,"column":12},"skip":true}]}},"code":["/*","example.js","","quickstart example","","instruction","    1. save this script as example.js","    2. run the shell command:","        $ npm install npmtest-jquery-ui && PORT=8081 node example.js","    3. play with the browser-demo on http://127.0.0.1:8081","*/","","","","/* istanbul instrument in package npmtest_jquery_ui */","/*jslint","    bitwise: true,","    browser: true,","    maxerr: 8,","    maxlen: 96,","    node: true,","    nomen: true,","    regexp: true,","    stupid: true","*/","(function () {","    'use strict';","    var local;","","","","    // run shared js-env code - pre-init","    (function () {","        // init local","        local = {};","        // init modeJs","        local.modeJs = (function () {","            try {","                return typeof navigator.userAgent === 'string' &&","                    typeof document.querySelector('body') === 'object' &&","                    typeof XMLHttpRequest.prototype.open === 'function' &&","                    'browser';","            } catch (errorCaughtBrowser) {","                return module.exports &&","                    typeof process.versions.node === 'string' &&","                    typeof require('http').createServer === 'function' &&","                    'node';","            }","        }());","        // init global","        local.global = local.modeJs === 'browser'","            ? window","            : global;","        // init utility2_rollup","        local = local.global.utility2_rollup || (local.modeJs === 'browser'","            ? local.global.utility2_npmtest_jquery_ui","            : global.utility2_moduleExports);","        // export local","        local.global.local = local;","    }());","    switch (local.modeJs) {","","","","    // post-init","    // run browser js-env code - post-init","    /* istanbul ignore next */","    case 'browser':","        local.testRunBrowser = function (event) {","            if (!event || (event &&","                    event.currentTarget &&","                    event.currentTarget.className &&","                    event.currentTarget.className.includes &&","                    event.currentTarget.className.includes('onreset'))) {","                // reset output","                Array.from(","                    document.querySelectorAll('body > .resettable')","                ).forEach(function (element) {","                    switch (element.tagName) {","                    case 'INPUT':","                    case 'TEXTAREA':","                        element.value = '';","                        break;","                    default:","                        element.textContent = '';","                    }","                });","            }","            switch (event && event.currentTarget && event.currentTarget.id) {","            case 'testRunButton1':","                // show tests","                if (document.querySelector('#testReportDiv1').style.display === 'none') {","                    document.querySelector('#testReportDiv1').style.display = 'block';","                    document.querySelector('#testRunButton1').textContent =","                        'hide internal test';","                    local.modeTest = true;","                    local.testRunDefault(local);","                // hide tests","                } else {","                    document.querySelector('#testReportDiv1').style.display = 'none';","                    document.querySelector('#testRunButton1').textContent = 'run internal test';","                }","                break;","            // custom-case","            default:","                break;","            }","            if (document.querySelector('#inputTextareaEval1') && (!event || (event &&","                    event.currentTarget &&","                    event.currentTarget.className &&","                    event.currentTarget.className.includes &&","                    event.currentTarget.className.includes('oneval')))) {","                // try to eval input-code","                try {","                    /*jslint evil: true*/","                    eval(document.querySelector('#inputTextareaEval1').value);","                } catch (errorCaught) {","                    console.error(errorCaught);","                }","            }","        };","        // log stderr and stdout to #outputTextareaStdout1","        ['error', 'log'].forEach(function (key) {","            console[key + '_original'] = console[key];","            console[key] = function () {","                var element;","                console[key + '_original'].apply(console, arguments);","                element = document.querySelector('#outputTextareaStdout1');","                if (!element) {","                    return;","                }","                // append text to #outputTextareaStdout1","                element.value += Array.from(arguments).map(function (arg) {","                    return typeof arg === 'string'","                        ? arg","                        : JSON.stringify(arg, null, 4);","                }).join(' ') + '\\n';","                // scroll textarea to bottom","                element.scrollTop = element.scrollHeight;","            };","        });","        // init event-handling","        ['change', 'click', 'keyup'].forEach(function (event) {","            Array.from(document.querySelectorAll('.on' + event)).forEach(function (element) {","                element.addEventListener(event, local.testRunBrowser);","            });","        });","        // run tests","        local.testRunBrowser();","        break;","","","","    // run node js-env code - post-init","    /* istanbul ignore next */","    case 'node':","        // export local","        module.exports = local;","        // require modules","        local.fs = require('fs');","        local.http = require('http');","        local.url = require('url');","        // init assets","        local.assetsDict = local.assetsDict || {};","        /* jslint-ignore-begin */","        local.assetsDict['/assets.index.template.html'] = '\\","<!doctype html>\\n\\","<html lang=\"en\">\\n\\","<head>\\n\\","<meta charset=\"UTF-8\">\\n\\","<meta name=\"viewport\" content=\"width=device-width, initial-scale=1\">\\n\\","<title>{{env.npm_package_name}} (v{{env.npm_package_version}})</title>\\n\\","<style>\\n\\","/*csslint\\n\\","    box-sizing: false,\\n\\","    universal-selector: false\\n\\","*/\\n\\","* {\\n\\","    box-sizing: border-box;\\n\\","}\\n\\","body {\\n\\","    background: #dde;\\n\\","    font-family: Arial, Helvetica, sans-serif;\\n\\","    margin: 2rem;\\n\\","}\\n\\","body > * {\\n\\","    margin-bottom: 1rem;\\n\\","}\\n\\",".utility2FooterDiv {\\n\\","    margin-top: 20px;\\n\\","    text-align: center;\\n\\","}\\n\\","</style>\\n\\","<style>\\n\\","/*csslint\\n\\","*/\\n\\","textarea {\\n\\","    font-family: monospace;\\n\\","    height: 10rem;\\n\\","    width: 100%;\\n\\","}\\n\\","textarea[readonly] {\\n\\","    background: #ddd;\\n\\","}\\n\\","</style>\\n\\","</head>\\n\\","<body>\\n\\","<!-- utility2-comment\\n\\","<div id=\"ajaxProgressDiv1\" style=\"background: #d00; height: 2px; left: 0; margin: 0; padding: 0; position: fixed; top: 0; transition: background 0.5s, width 1.5s; width: 25%;\"></div>\\n\\","utility2-comment -->\\n\\","<h1>\\n\\","<!-- utility2-comment\\n\\","    <a\\n\\","        {{#if env.npm_package_homepage}}\\n\\","        href=\"{{env.npm_package_homepage}}\"\\n\\","        {{/if env.npm_package_homepage}}\\n\\","        target=\"_blank\"\\n\\","    >\\n\\","utility2-comment -->\\n\\","        {{env.npm_package_name}} (v{{env.npm_package_version}})\\n\\","<!-- utility2-comment\\n\\","    </a>\\n\\","utility2-comment -->\\n\\","</h1>\\n\\","<h3>{{env.npm_package_description}}</h3>\\n\\","<!-- utility2-comment\\n\\","<h4><a download href=\"assets.app.js\">download standalone app</a></h4>\\n\\","<button class=\"onclick onreset\" id=\"testRunButton1\">run internal test</button><br>\\n\\","<div id=\"testReportDiv1\" style=\"display: none;\"></div>\\n\\","utility2-comment -->\\n\\","\\n\\","\\n\\","\\n\\","<label>stderr and stdout</label>\\n\\","<textarea class=\"resettable\" id=\"outputTextareaStdout1\" readonly></textarea>\\n\\","<!-- utility2-comment\\n\\","{{#if isRollup}}\\n\\","<script src=\"assets.app.js\"></script>\\n\\","{{#unless isRollup}}\\n\\","utility2-comment -->\\n\\","<script src=\"assets.utility2.rollup.js\"></script>\\n\\","<script src=\"jsonp.utility2._stateInit?callback=window.utility2._stateInit\"></script>\\n\\","<script src=\"assets.npmtest_jquery_ui.rollup.js\"></script>\\n\\","<script src=\"assets.example.js\"></script>\\n\\","<script src=\"assets.test.js\"></script>\\n\\","<!-- utility2-comment\\n\\","{{/if isRollup}}\\n\\","utility2-comment -->\\n\\","<div class=\"utility2FooterDiv\">\\n\\","    [ this app was created with\\n\\","    <a href=\"https://github.com/kaizhu256/node-utility2\" target=\"_blank\">utility2</a>\\n\\","    ]\\n\\","</div>\\n\\","</body>\\n\\","</html>\\n\\","';","        /* jslint-ignore-end */","        if (local.templateRender) {","            local.assetsDict['/'] = local.templateRender(","                local.assetsDict['/assets.index.template.html'],","                {","                    env: local.objectSetDefault(local.env, {","                        npm_package_description: 'the greatest app in the world!',","                        npm_package_name: 'my-app',","                        npm_package_nameAlias: 'my_app',","                        npm_package_version: '0.0.1'","                    })","                }","            );","        } else {","            local.assetsDict['/'] = local.assetsDict['/assets.index.template.html']","                .replace((/\\{\\{env\\.(\\w+?)\\}\\}/g), function (match0, match1) {","                    // jslint-hack","                    String(match0);","                    switch (match1) {","                    case 'npm_package_description':","                        return 'the greatest app in the world!';","                    case 'npm_package_name':","                        return 'my-app';","                    case 'npm_package_nameAlias':","                        return 'my_app';","                    case 'npm_package_version':","                        return '0.0.1';","                    }","                });","        }","        // run the cli","        if (local.global.utility2_rollup || module !== require.main) {","            break;","        }","        local.assetsDict['/assets.example.js'] =","            local.assetsDict['/assets.example.js'] ||","            local.fs.readFileSync(__filename, 'utf8');","        // bug-workaround - long $npm_package_buildCustomOrg","        /* jslint-ignore-begin */","        local.assetsDict['/assets.npmtest_jquery_ui.rollup.js'] =","            local.assetsDict['/assets.npmtest_jquery_ui.rollup.js'] ||","            local.fs.readFileSync(","                local.npmtest_jquery_ui.__dirname + '/lib.npmtest_jquery_ui.js',","                'utf8'","            ).replace((/^#!/), '//');","        /* jslint-ignore-end */","        local.assetsDict['/favicon.ico'] = local.assetsDict['/favicon.ico'] || '';","        // if $npm_config_timeout_exit exists,","        // then exit this process after $npm_config_timeout_exit ms","        if (Number(process.env.npm_config_timeout_exit)) {","            setTimeout(process.exit, Number(process.env.npm_config_timeout_exit));","        }","        // start server","        if (local.global.utility2_serverHttp1) {","            break;","        }","        process.env.PORT = process.env.PORT || '8081';","        console.error('server starting on port ' + process.env.PORT);","        local.http.createServer(function (request, response) {","            request.urlParsed = local.url.parse(request.url);","            if (local.assetsDict[request.urlParsed.pathname] !== undefined) {","                response.end(local.assetsDict[request.urlParsed.pathname]);","                return;","            }","            response.statusCode = 404;","            response.end();","        }).listen(process.env.PORT);","        break;","    }","}());",""],"l":{"26":2,"28":2,"33":2,"35":2,"37":2,"38":2,"39":2,"44":1,"51":2,"55":2,"59":2,"61":2,"69":1,"70":2,"76":2,"79":2,"82":2,"83":2,"85":1,"89":2,"92":1,"93":1,"94":1,"96":1,"97":1,"100":1,"101":1,"103":1,"106":1,"108":2,"114":1,"116":1,"118":1,"123":1,"124":2,"125":2,"126":3,"127":3,"128":3,"129":3,"130":1,"133":3,"134":3,"139":3,"143":1,"144":3,"145":1,"149":1,"150":1,"158":1,"160":1,"161":1,"162":1,"164":1,"166":1,"258":1,"259":1,"271":1,"274":6,"275":6,"277":1,"279":2,"281":1,"283":2,"288":1,"289":1,"291":1,"296":1,"303":1,"306":1,"307":1,"310":1,"311":1,"313":1,"314":1,"315":1,"316":1,"317":1,"318":1,"319":1,"321":1,"322":1,"324":1}},"/home/travis/build/npmtest/node-npmtest-jquery-ui/node_modules/jquery-ui/ui/widget.js":{"path":"/home/travis/build/npmtest/node-npmtest-jquery-ui/node_modules/jquery-ui/ui/widget.js","s":{"1":2,"2":2,"3":0,"4":2,"5":0,"6":0,"7":0,"8":0,"9":0,"10":0,"11":0,"12":0,"13":0,"14":0,"15":0,"16":0,"17":0,"18":0,"19":0,"20":0,"21":0,"22":0,"23":0,"24":0,"25":0,"26":0,"27":0,"28":0,"29":0,"30":0,"31":0,"32":0,"33":0,"34":0,"35":0,"36":0,"37":0,"38":0,"39":0,"40":0,"41":0,"42":0,"43":0,"44":1,"45":0,"46":1,"47":0,"48":0,"49":0,"50":0,"51":0,"52":0,"53":0,"54":0,"55":0,"56":0,"57":0,"58":0,"59":0,"60":0,"61":0,"62":0,"63":0,"64":0,"65":0,"66":0,"67":0,"68":0,"69":0,"70":0,"71":0,"72":0,"73":0,"74":0,"75":0,"76":0,"77":0,"78":0,"79":0,"80":0,"81":0,"82":0,"83":0,"84":0,"85":0,"86":0,"87":0,"88":0,"89":0,"90":0,"91":0,"92":0,"93":0,"94":0,"95":0,"96":0,"97":0,"98":0,"99":0,"100":0,"101":0,"102":0,"103":0,"104":0,"105":0,"106":0,"107":0,"108":0,"109":0,"110":0,"111":0,"112":0,"113":0,"114":0,"115":0,"116":0,"117":0,"118":0,"119":0,"120":0,"121":0,"122":0,"123":0,"124":0,"125":0,"126":0,"127":0,"128":0,"129":0,"130":0,"131":0,"132":0,"133":0,"134":0,"135":0,"136":0,"137":0,"138":0,"139":0,"140":0,"141":0,"142":0,"143":0,"144":0,"145":0,"146":0,"147":0,"148":0,"149":0,"150":0,"151":0,"152":0,"153":0,"154":0,"155":0,"156":0,"157":0,"158":0,"159":0,"160":0,"161":0,"162":0,"163":0,"164":0,"165":0,"166":0,"167":0,"168":0,"169":0,"170":0,"171":0,"172":0,"173":0,"174":0,"175":0,"176":0,"177":0,"178":0,"179":0,"180":0,"181":0,"182":0,"183":0,"184":0,"185":0,"186":0,"187":0,"188":0,"189":0,"190":0,"191":0,"192":0,"193":0,"194":0,"195":0,"196":0,"197":0,"198":1,"199":0,"200":0,"201":0,"202":0,"203":0,"204":0,"205":0,"206":0,"207":0,"208":0,"209":0,"210":0,"211":0,"212":0,"213":0,"214":0,"215":0,"216":0,"217":0,"218":0,"219":0,"220":0,"221":0,"222":0,"223":0,"224":0,"225":0,"226":0,"227":0,"228":0,"229":0,"230":0,"231":0,"232":0,"233":0,"234":0,"235":0,"236":0,"237":0,"238":1,"239":0,"240":0,"241":0,"242":0,"243":0,"244":0,"245":0,"246":0,"247":0,"248":0,"249":0,"250":0,"251":0,"252":0,"253":0,"254":0,"255":1,"256":0,"257":0,"258":0,"259":0,"260":0,"261":0,"262":0,"263":0,"264":0,"265":0,"266":0,"267":0,"268":0,"269":0,"270":0,"271":0,"272":0,"273":0,"274":0,"275":0,"276":0,"277":0,"278":0,"279":0,"280":0,"281":0,"282":0,"283":0,"284":0,"285":0,"286":0,"287":0,"288":0,"289":0,"290":0,"291":0,"292":0,"293":0,"294":0,"295":0,"296":0,"297":0,"298":0,"299":0,"300":0,"301":0,"302":0},"b":{"1":[0,2],"2":[2,0],"3":[0,0],"4":[0,0],"5":[0,0],"6":[0,0],"7":[0,0],"8":[0,0],"9":[0,0],"10":[0,0],"11":[0,0],"12":[0,0],"13":[0,0],"14":[0,0],"15":[0,0],"16":[0,0],"17":[0,0],"18":[0,0],"19":[0,0],"20":[0,0],"21":[0,0],"22":[0,0],"23":[0,0],"24":[0,0],"25":[0,0],"26":[0,0],"27":[0,0],"28":[0,0],"29":[0,0],"30":[0,0],"31":[0,0],"32":[0,0],"33":[0,0],"34":[0,0,0],"35":[0,0],"36":[0,0],"37":[0,0],"38":[0,0],"39":[0,0],"40":[0,0],"41":[0,0],"42":[0,0],"43":[0,0],"44":[0,0],"45":[0,0],"46":[0,0],"47":[0,0],"48":[0,0],"49":[0,0],"50":[0,0],"51":[0,0],"52":[0,0,0],"53":[0,0],"54":[0,0],"55":[0,0],"56":[0,0],"57":[0,0],"58":[0,0],"59":[0,0],"60":[0,0],"61":[0,0],"62":[0,0],"63":[0,0],"64":[0,0],"65":[0,0],"66":[0,0],"67":[0,0],"68":[0,0],"69":[0,0],"70":[0,0],"71":[0,0],"72":[0,0,0],"73":[0,0],"74":[0,0],"75":[0,0,0],"76":[0,0],"77":[0,0],"78":[0,0],"79":[0,0],"80":[0,0],"81":[0,0],"82":[0,0],"83":[0,0],"84":[0,0,0],"85":[0,0],"86":[0,0],"87":[0,0],"88":[0,0],"89":[0,0],"90":[0,0],"91":[0,0],"92":[0,0],"93":[0,0],"94":[0,0,0],"95":[0,0],"96":[0,0],"97":[0,0]},"f":{"1":2,"2":0,"3":0,"4":0,"5":0,"6":0,"7":0,"8":0,"9":0,"10":0,"11":0,"12":0,"13":0,"14":0,"15":0,"16":0,"17":0,"18":0,"19":0,"20":0,"21":0,"22":0,"23":0,"24":0,"25":0,"26":0,"27":0,"28":0,"29":0,"30":0,"31":0,"32":0,"33":0,"34":0,"35":0,"36":0,"37":0,"38":0,"39":0,"40":0,"41":0,"42":0,"43":0,"44":0,"45":0,"46":0,"47":0,"48":0,"49":0,"50":0,"51":0,"52":0,"53":0,"54":0,"55":0},"fnMap":{"1":{"name":"(anonymous_1)","line":16,"loc":{"start":{"line":16,"column":2},"end":{"line":16,"column":22}}},"2":{"name":"(anonymous_2)","line":26,"loc":{"start":{"line":26,"column":3},"end":{"line":26,"column":17}}},"3":{"name":"(anonymous_3)","line":31,"loc":{"start":{"line":31,"column":16},"end":{"line":31,"column":33}}},"4":{"name":"(anonymous_4)","line":32,"loc":{"start":{"line":32,"column":8},"end":{"line":32,"column":26}}},"5":{"name":"(anonymous_5)","line":50,"loc":{"start":{"line":50,"column":11},"end":{"line":50,"column":45}}},"6":{"name":"(anonymous_6)","line":71,"loc":{"start":{"line":71,"column":43},"end":{"line":71,"column":60}}},"7":{"name":"(anonymous_7)","line":77,"loc":{"start":{"line":77,"column":40},"end":{"line":77,"column":69}}},"8":{"name":"(anonymous_8)","line":110,"loc":{"start":{"line":110,"column":20},"end":{"line":110,"column":44}}},"9":{"name":"(anonymous_9)","line":115,"loc":{"start":{"line":115,"column":31},"end":{"line":115,"column":42}}},"10":{"name":"_super","line":116,"loc":{"start":{"line":116,"column":3},"end":{"line":116,"column":21}}},"11":{"name":"_superApply","line":120,"loc":{"start":{"line":120,"column":3},"end":{"line":120,"column":32}}},"12":{"name":"(anonymous_12)","line":124,"loc":{"start":{"line":124,"column":10},"end":{"line":124,"column":21}}},"13":{"name":"(anonymous_13)","line":159,"loc":{"start":{"line":159,"column":50},"end":{"line":159,"column":71}}},"14":{"name":"(anonymous_14)","line":180,"loc":{"start":{"line":180,"column":18},"end":{"line":180,"column":37}}},"15":{"name":"(anonymous_15)","line":210,"loc":{"start":{"line":210,"column":18},"end":{"line":210,"column":43}}},"16":{"name":"(anonymous_16)","line":212,"loc":{"start":{"line":212,"column":16},"end":{"line":212,"column":36}}},"17":{"name":"(anonymous_17)","line":224,"loc":{"start":{"line":224,"column":15},"end":{"line":224,"column":26}}},"18":{"name":"(anonymous_18)","line":261,"loc":{"start":{"line":261,"column":14},"end":{"line":261,"column":25}}},"19":{"name":"(anonymous_19)","line":278,"loc":{"start":{"line":278,"column":11},"end":{"line":278,"column":46}}},"20":{"name":"(anonymous_20)","line":294,"loc":{"start":{"line":294,"column":16},"end":{"line":294,"column":45}}},"21":{"name":"(anonymous_21)","line":308,"loc":{"start":{"line":308,"column":12},"end":{"line":308,"column":30}}},"22":{"name":"(anonymous_22)","line":339,"loc":{"start":{"line":339,"column":20},"end":{"line":339,"column":31}}},"23":{"name":"(anonymous_23)","line":349,"loc":{"start":{"line":349,"column":10},"end":{"line":349,"column":21}}},"24":{"name":"(anonymous_24)","line":353,"loc":{"start":{"line":353,"column":37},"end":{"line":353,"column":60}}},"25":{"name":"(anonymous_25)","line":372,"loc":{"start":{"line":372,"column":9},"end":{"line":372,"column":20}}},"26":{"name":"(anonymous_26)","line":376,"loc":{"start":{"line":376,"column":9},"end":{"line":376,"column":32}}},"27":{"name":"(anonymous_27)","line":418,"loc":{"start":{"line":418,"column":14},"end":{"line":418,"column":34}}},"28":{"name":"(anonymous_28)","line":428,"loc":{"start":{"line":428,"column":13},"end":{"line":428,"column":36}}},"29":{"name":"(anonymous_29)","line":442,"loc":{"start":{"line":442,"column":20},"end":{"line":442,"column":38}}},"30":{"name":"(anonymous_30)","line":473,"loc":{"start":{"line":473,"column":21},"end":{"line":473,"column":39}}},"31":{"name":"(anonymous_31)","line":483,"loc":{"start":{"line":483,"column":9},"end":{"line":483,"column":20}}},"32":{"name":"(anonymous_32)","line":487,"loc":{"start":{"line":487,"column":10},"end":{"line":487,"column":21}}},"33":{"name":"(anonymous_33)","line":491,"loc":{"start":{"line":491,"column":11},"end":{"line":491,"column":31}}},"34":{"name":"processClassString","line":500,"loc":{"start":{"line":500,"column":2},"end":{"line":500,"column":54}}},"35":{"name":"(anonymous_35)","line":531,"loc":{"start":{"line":531,"column":25},"end":{"line":531,"column":43}}},"36":{"name":"(anonymous_36)","line":533,"loc":{"start":{"line":533,"column":37},"end":{"line":533,"column":60}}},"37":{"name":"(anonymous_37)","line":540,"loc":{"start":{"line":540,"column":15},"end":{"line":540,"column":48}}},"38":{"name":"(anonymous_38)","line":544,"loc":{"start":{"line":544,"column":12},"end":{"line":544,"column":45}}},"39":{"name":"(anonymous_39)","line":548,"loc":{"start":{"line":548,"column":15},"end":{"line":548,"column":53}}},"40":{"name":"(anonymous_40)","line":561,"loc":{"start":{"line":561,"column":6},"end":{"line":561,"column":59}}},"41":{"name":"(anonymous_41)","line":582,"loc":{"start":{"line":582,"column":20},"end":{"line":582,"column":47}}},"42":{"name":"handlerProxy","line":583,"loc":{"start":{"line":583,"column":3},"end":{"line":583,"column":27}}},"43":{"name":"(anonymous_43)","line":615,"loc":{"start":{"line":615,"column":7},"end":{"line":615,"column":38}}},"44":{"name":"(anonymous_44)","line":626,"loc":{"start":{"line":626,"column":9},"end":{"line":626,"column":36}}},"45":{"name":"handlerProxy","line":627,"loc":{"start":{"line":627,"column":2},"end":{"line":627,"column":26}}},"46":{"name":"(anonymous_46)","line":635,"loc":{"start":{"line":635,"column":13},"end":{"line":635,"column":33}}},"47":{"name":"(anonymous_47)","line":638,"loc":{"start":{"line":638,"column":15},"end":{"line":638,"column":33}}},"48":{"name":"(anonymous_48)","line":641,"loc":{"start":{"line":641,"column":15},"end":{"line":641,"column":33}}},"49":{"name":"(anonymous_49)","line":647,"loc":{"start":{"line":647,"column":13},"end":{"line":647,"column":33}}},"50":{"name":"(anonymous_50)","line":650,"loc":{"start":{"line":650,"column":12},"end":{"line":650,"column":30}}},"51":{"name":"(anonymous_51)","line":653,"loc":{"start":{"line":653,"column":13},"end":{"line":653,"column":31}}},"52":{"name":"(anonymous_52)","line":659,"loc":{"start":{"line":659,"column":11},"end":{"line":659,"column":41}}},"53":{"name":"(anonymous_53)","line":690,"loc":{"start":{"line":690,"column":45},"end":{"line":690,"column":79}}},"54":{"name":"(anonymous_54)","line":691,"loc":{"start":{"line":691,"column":38},"end":{"line":691,"column":77}}},"55":{"name":"(anonymous_55)","line":720,"loc":{"start":{"line":720,"column":18},"end":{"line":720,"column":35}}}},"statementMap":{"1":{"start":{"line":16,"column":0},"end":{"line":733,"column":6}},"2":{"start":{"line":17,"column":1},"end":{"line":25,"column":2}},"3":{"start":{"line":20,"column":2},"end":{"line":20,"column":47}},"4":{"start":{"line":24,"column":2},"end":{"line":24,"column":20}},"5":{"start":{"line":28,"column":0},"end":{"line":28,"column":19}},"6":{"start":{"line":29,"column":0},"end":{"line":29,"column":40}},"7":{"start":{"line":31,"column":0},"end":{"line":48,"column":19}},"8":{"start":{"line":32,"column":1},"end":{"line":47,"column":3}},"9":{"start":{"line":33,"column":2},"end":{"line":33,"column":22}},"10":{"start":{"line":34,"column":2},"end":{"line":45,"column":3}},"11":{"start":{"line":35,"column":3},"end":{"line":44,"column":19}},"12":{"start":{"line":38,"column":4},"end":{"line":38,"column":39}},"13":{"start":{"line":39,"column":4},"end":{"line":41,"column":5}},"14":{"start":{"line":40,"column":5},"end":{"line":40,"column":42}},"15":{"start":{"line":46,"column":2},"end":{"line":46,"column":16}},"16":{"start":{"line":50,"column":0},"end":{"line":178,"column":2}},"17":{"start":{"line":51,"column":1},"end":{"line":51,"column":53}},"18":{"start":{"line":55,"column":1},"end":{"line":55,"column":27}},"19":{"start":{"line":57,"column":1},"end":{"line":57,"column":40}},"20":{"start":{"line":58,"column":1},"end":{"line":58,"column":31}},"21":{"start":{"line":59,"column":1},"end":{"line":59,"column":39}},"22":{"start":{"line":61,"column":1},"end":{"line":64,"column":2}},"23":{"start":{"line":62,"column":2},"end":{"line":62,"column":19}},"24":{"start":{"line":63,"column":2},"end":{"line":63,"column":18}},"25":{"start":{"line":66,"column":1},"end":{"line":68,"column":2}},"26":{"start":{"line":67,"column":2},"end":{"line":67,"column":65}},"27":{"start":{"line":71,"column":1},"end":{"line":73,"column":3}},"28":{"start":{"line":72,"column":2},"end":{"line":72,"column":36}},"29":{"start":{"line":75,"column":1},"end":{"line":75,"column":39}},"30":{"start":{"line":76,"column":1},"end":{"line":76,"column":46}},"31":{"start":{"line":77,"column":1},"end":{"line":89,"column":3}},"32":{"start":{"line":80,"column":2},"end":{"line":82,"column":3}},"33":{"start":{"line":81,"column":3},"end":{"line":81,"column":46}},"34":{"start":{"line":86,"column":2},"end":{"line":88,"column":3}},"35":{"start":{"line":87,"column":3},"end":{"line":87,"column":42}},"36":{"start":{"line":92,"column":1},"end":{"line":102,"column":5}},"37":{"start":{"line":104,"column":1},"end":{"line":104,"column":28}},"38":{"start":{"line":109,"column":1},"end":{"line":109,"column":70}},"39":{"start":{"line":110,"column":1},"end":{"line":140,"column":5}},"40":{"start":{"line":111,"column":2},"end":{"line":114,"column":3}},"41":{"start":{"line":112,"column":3},"end":{"line":112,"column":36}},"42":{"start":{"line":113,"column":3},"end":{"line":113,"column":10}},"43":{"start":{"line":115,"column":2},"end":{"line":139,"column":8}},"44":{"start":{"line":116,"column":3},"end":{"line":118,"column":4}},"45":{"start":{"line":117,"column":4},"end":{"line":117,"column":59}},"46":{"start":{"line":120,"column":3},"end":{"line":122,"column":4}},"47":{"start":{"line":121,"column":4},"end":{"line":121,"column":54}},"48":{"start":{"line":124,"column":3},"end":{"line":138,"column":5}},"49":{"start":{"line":125,"column":4},"end":{"line":125,"column":30}},"50":{"start":{"line":126,"column":4},"end":{"line":126,"column":40}},"51":{"start":{"line":127,"column":4},"end":{"line":127,"column":20}},"52":{"start":{"line":129,"column":4},"end":{"line":129,"column":25}},"53":{"start":{"line":130,"column":4},"end":{"line":130,"column":35}},"54":{"start":{"line":132,"column":4},"end":{"line":132,"column":49}},"55":{"start":{"line":134,"column":4},"end":{"line":134,"column":26}},"56":{"start":{"line":135,"column":4},"end":{"line":135,"column":36}},"57":{"start":{"line":137,"column":4},"end":{"line":137,"column":23}},"58":{"start":{"line":141,"column":1},"end":{"line":152,"column":5}},"59":{"start":{"line":158,"column":1},"end":{"line":173,"column":2}},"60":{"start":{"line":159,"column":2},"end":{"line":166,"column":6}},"61":{"start":{"line":160,"column":3},"end":{"line":160,"column":40}},"62":{"start":{"line":164,"column":3},"end":{"line":165,"column":19}},"63":{"start":{"line":170,"column":2},"end":{"line":170,"column":48}},"64":{"start":{"line":172,"column":2},"end":{"line":172,"column":46}},"65":{"start":{"line":175,"column":1},"end":{"line":175,"column":38}},"66":{"start":{"line":177,"column":1},"end":{"line":177,"column":20}},"67":{"start":{"line":180,"column":0},"end":{"line":208,"column":2}},"68":{"start":{"line":181,"column":1},"end":{"line":181,"column":46}},"69":{"start":{"line":182,"column":1},"end":{"line":182,"column":20}},"70":{"start":{"line":183,"column":1},"end":{"line":183,"column":32}},"71":{"start":{"line":184,"column":1},"end":{"line":184,"column":9}},"72":{"start":{"line":185,"column":1},"end":{"line":185,"column":11}},"73":{"start":{"line":187,"column":1},"end":{"line":206,"column":2}},"74":{"start":{"line":188,"column":2},"end":{"line":205,"column":3}},"75":{"start":{"line":189,"column":3},"end":{"line":189,"column":38}},"76":{"start":{"line":190,"column":3},"end":{"line":204,"column":4}},"77":{"start":{"line":193,"column":4},"end":{"line":203,"column":5}},"78":{"start":{"line":194,"column":5},"end":{"line":198,"column":35}},"79":{"start":{"line":202,"column":5},"end":{"line":202,"column":27}},"80":{"start":{"line":207,"column":1},"end":{"line":207,"column":15}},"81":{"start":{"line":210,"column":0},"end":{"line":276,"column":2}},"82":{"start":{"line":211,"column":1},"end":{"line":211,"column":56}},"83":{"start":{"line":212,"column":1},"end":{"line":275,"column":3}},"84":{"start":{"line":213,"column":2},"end":{"line":213,"column":49}},"85":{"start":{"line":214,"column":2},"end":{"line":214,"column":46}},"86":{"start":{"line":215,"column":2},"end":{"line":215,"column":25}},"87":{"start":{"line":217,"column":2},"end":{"line":272,"column":3}},"88":{"start":{"line":221,"column":3},"end":{"line":253,"column":4}},"89":{"start":{"line":222,"column":4},"end":{"line":222,"column":28}},"90":{"start":{"line":224,"column":4},"end":{"line":252,"column":8}},"91":{"start":{"line":225,"column":5},"end":{"line":225,"column":21}},"92":{"start":{"line":226,"column":5},"end":{"line":226,"column":45}},"93":{"start":{"line":228,"column":5},"end":{"line":231,"column":6}},"94":{"start":{"line":229,"column":6},"end":{"line":229,"column":29}},"95":{"start":{"line":230,"column":6},"end":{"line":230,"column":19}},"96":{"start":{"line":233,"column":5},"end":{"line":237,"column":6}},"97":{"start":{"line":234,"column":6},"end":{"line":236,"column":54}},"98":{"start":{"line":239,"column":5},"end":{"line":242,"column":6}},"99":{"start":{"line":240,"column":6},"end":{"line":241,"column":28}},"100":{"start":{"line":244,"column":5},"end":{"line":244,"column":63}},"101":{"start":{"line":246,"column":5},"end":{"line":251,"column":6}},"102":{"start":{"line":247,"column":6},"end":{"line":249,"column":19}},"103":{"start":{"line":250,"column":6},"end":{"line":250,"column":19}},"104":{"start":{"line":257,"column":3},"end":{"line":259,"column":4}},"105":{"start":{"line":258,"column":4},"end":{"line":258,"column":72}},"106":{"start":{"line":261,"column":3},"end":{"line":271,"column":7}},"107":{"start":{"line":262,"column":4},"end":{"line":262,"column":44}},"108":{"start":{"line":263,"column":4},"end":{"line":270,"column":5}},"109":{"start":{"line":264,"column":5},"end":{"line":264,"column":38}},"110":{"start":{"line":265,"column":5},"end":{"line":267,"column":6}},"111":{"start":{"line":266,"column":6},"end":{"line":266,"column":23}},"112":{"start":{"line":269,"column":5},"end":{"line":269,"column":59}},"113":{"start":{"line":274,"column":2},"end":{"line":274,"column":21}},"114":{"start":{"line":278,"column":0},"end":{"line":278,"column":49}},"115":{"start":{"line":279,"column":0},"end":{"line":279,"column":33}},"116":{"start":{"line":281,"column":0},"end":{"line":688,"column":2}},"117":{"start":{"line":295,"column":2},"end":{"line":295,"column":61}},"118":{"start":{"line":296,"column":2},"end":{"line":296,"column":30}},"119":{"start":{"line":297,"column":2},"end":{"line":297,"column":27}},"120":{"start":{"line":298,"column":2},"end":{"line":298,"column":58}},"121":{"start":{"line":300,"column":2},"end":{"line":300,"column":22}},"122":{"start":{"line":301,"column":2},"end":{"line":301,"column":23}},"123":{"start":{"line":302,"column":2},"end":{"line":302,"column":23}},"124":{"start":{"line":303,"column":2},"end":{"line":303,"column":33}},"125":{"start":{"line":305,"column":2},"end":{"line":322,"column":3}},"126":{"start":{"line":306,"column":3},"end":{"line":306,"column":48}},"127":{"start":{"line":307,"column":3},"end":{"line":313,"column":7}},"128":{"start":{"line":309,"column":5},"end":{"line":311,"column":6}},"129":{"start":{"line":310,"column":6},"end":{"line":310,"column":21}},"130":{"start":{"line":314,"column":3},"end":{"line":320,"column":34}},"131":{"start":{"line":321,"column":3},"end":{"line":321,"column":88}},"132":{"start":{"line":324,"column":2},"end":{"line":327,"column":13}},"133":{"start":{"line":329,"column":2},"end":{"line":329,"column":17}},"134":{"start":{"line":331,"column":2},"end":{"line":333,"column":3}},"135":{"start":{"line":332,"column":3},"end":{"line":332,"column":52}},"136":{"start":{"line":335,"column":2},"end":{"line":335,"column":62}},"137":{"start":{"line":336,"column":2},"end":{"line":336,"column":15}},"138":{"start":{"line":340,"column":2},"end":{"line":340,"column":12}},"139":{"start":{"line":350,"column":2},"end":{"line":350,"column":18}},"140":{"start":{"line":352,"column":2},"end":{"line":352,"column":18}},"141":{"start":{"line":353,"column":2},"end":{"line":355,"column":6}},"142":{"start":{"line":354,"column":3},"end":{"line":354,"column":35}},"143":{"start":{"line":359,"column":2},"end":{"line":361,"column":38}},"144":{"start":{"line":362,"column":2},"end":{"line":364,"column":34}},"145":{"start":{"line":367,"column":2},"end":{"line":367,"column":43}},"146":{"start":{"line":373,"column":2},"end":{"line":373,"column":22}},"147":{"start":{"line":377,"column":2},"end":{"line":377,"column":20}},"148":{"start":{"line":378,"column":2},"end":{"line":378,"column":12}},"149":{"start":{"line":379,"column":2},"end":{"line":379,"column":16}},"150":{"start":{"line":380,"column":2},"end":{"line":380,"column":8}},"151":{"start":{"line":382,"column":2},"end":{"line":386,"column":3}},"152":{"start":{"line":385,"column":3},"end":{"line":385,"column":46}},"153":{"start":{"line":388,"column":2},"end":{"line":411,"column":3}},"154":{"start":{"line":391,"column":3},"end":{"line":391,"column":16}},"155":{"start":{"line":392,"column":3},"end":{"line":392,"column":28}},"156":{"start":{"line":393,"column":3},"end":{"line":393,"column":23}},"157":{"start":{"line":394,"column":3},"end":{"line":410,"column":4}},"158":{"start":{"line":395,"column":4},"end":{"line":395,"column":76}},"159":{"start":{"line":396,"column":4},"end":{"line":399,"column":5}},"160":{"start":{"line":397,"column":5},"end":{"line":397,"column":61}},"161":{"start":{"line":398,"column":5},"end":{"line":398,"column":41}},"162":{"start":{"line":400,"column":4},"end":{"line":400,"column":22}},"163":{"start":{"line":401,"column":4},"end":{"line":403,"column":5}},"164":{"start":{"line":402,"column":5},"end":{"line":402,"column":69}},"165":{"start":{"line":404,"column":4},"end":{"line":404,"column":29}},"166":{"start":{"line":406,"column":4},"end":{"line":408,"column":5}},"167":{"start":{"line":407,"column":5},"end":{"line":407,"column":75}},"168":{"start":{"line":409,"column":4},"end":{"line":409,"column":27}},"169":{"start":{"line":413,"column":2},"end":{"line":413,"column":30}},"170":{"start":{"line":415,"column":2},"end":{"line":415,"column":14}},"171":{"start":{"line":419,"column":2},"end":{"line":419,"column":10}},"172":{"start":{"line":421,"column":2},"end":{"line":423,"column":3}},"173":{"start":{"line":422,"column":3},"end":{"line":422,"column":42}},"174":{"start":{"line":425,"column":2},"end":{"line":425,"column":14}},"175":{"start":{"line":429,"column":2},"end":{"line":431,"column":3}},"176":{"start":{"line":430,"column":3},"end":{"line":430,"column":35}},"177":{"start":{"line":433,"column":2},"end":{"line":433,"column":30}},"178":{"start":{"line":435,"column":2},"end":{"line":437,"column":3}},"179":{"start":{"line":436,"column":3},"end":{"line":436,"column":36}},"180":{"start":{"line":439,"column":2},"end":{"line":439,"column":14}},"181":{"start":{"line":443,"column":2},"end":{"line":443,"column":42}},"182":{"start":{"line":445,"column":2},"end":{"line":470,"column":3}},"183":{"start":{"line":446,"column":3},"end":{"line":446,"column":59}},"184":{"start":{"line":447,"column":3},"end":{"line":451,"column":4}},"185":{"start":{"line":450,"column":4},"end":{"line":450,"column":13}},"186":{"start":{"line":457,"column":3},"end":{"line":457,"column":41}},"187":{"start":{"line":458,"column":3},"end":{"line":458,"column":50}},"188":{"start":{"line":464,"column":3},"end":{"line":469,"column":9}},"189":{"start":{"line":474,"column":2},"end":{"line":474,"column":87}},"190":{"start":{"line":477,"column":2},"end":{"line":480,"column":3}},"191":{"start":{"line":478,"column":3},"end":{"line":478,"column":63}},"192":{"start":{"line":479,"column":3},"end":{"line":479,"column":63}},"193":{"start":{"line":484,"column":2},"end":{"line":484,"column":49}},"194":{"start":{"line":488,"column":2},"end":{"line":488,"column":48}},"195":{"start":{"line":492,"column":2},"end":{"line":492,"column":16}},"196":{"start":{"line":493,"column":2},"end":{"line":493,"column":18}},"197":{"start":{"line":495,"column":2},"end":{"line":498,"column":15}},"198":{"start":{"line":500,"column":2},"end":{"line":515,"column":3}},"199":{"start":{"line":501,"column":3},"end":{"line":501,"column":18}},"200":{"start":{"line":502,"column":3},"end":{"line":514,"column":4}},"201":{"start":{"line":503,"column":4},"end":{"line":503,"column":63}},"202":{"start":{"line":504,"column":4},"end":{"line":508,"column":5}},"203":{"start":{"line":505,"column":5},"end":{"line":505,"column":78}},"204":{"start":{"line":507,"column":5},"end":{"line":507,"column":57}},"205":{"start":{"line":509,"column":4},"end":{"line":509,"column":56}},"206":{"start":{"line":510,"column":4},"end":{"line":510,"column":30}},"207":{"start":{"line":511,"column":4},"end":{"line":513,"column":5}},"208":{"start":{"line":512,"column":5},"end":{"line":512,"column":50}},"209":{"start":{"line":517,"column":2},"end":{"line":519,"column":6}},"210":{"start":{"line":521,"column":2},"end":{"line":523,"column":3}},"211":{"start":{"line":522,"column":3},"end":{"line":522,"column":66}},"212":{"start":{"line":524,"column":2},"end":{"line":526,"column":3}},"213":{"start":{"line":525,"column":3},"end":{"line":525,"column":61}},"214":{"start":{"line":528,"column":2},"end":{"line":528,"column":26}},"215":{"start":{"line":532,"column":2},"end":{"line":532,"column":18}},"216":{"start":{"line":533,"column":2},"end":{"line":537,"column":6}},"217":{"start":{"line":534,"column":3},"end":{"line":536,"column":4}},"218":{"start":{"line":535,"column":4},"end":{"line":535,"column":76}},"219":{"start":{"line":541,"column":2},"end":{"line":541,"column":58}},"220":{"start":{"line":545,"column":2},"end":{"line":545,"column":57}},"221":{"start":{"line":549,"column":2},"end":{"line":549,"column":51}},"222":{"start":{"line":550,"column":2},"end":{"line":556,"column":5}},"223":{"start":{"line":557,"column":2},"end":{"line":557,"column":63}},"224":{"start":{"line":558,"column":2},"end":{"line":558,"column":14}},"225":{"start":{"line":562,"column":2},"end":{"line":562,"column":22}},"226":{"start":{"line":563,"column":2},"end":{"line":563,"column":22}},"227":{"start":{"line":566,"column":2},"end":{"line":570,"column":3}},"228":{"start":{"line":567,"column":3},"end":{"line":567,"column":22}},"229":{"start":{"line":568,"column":3},"end":{"line":568,"column":35}},"230":{"start":{"line":569,"column":3},"end":{"line":569,"column":33}},"231":{"start":{"line":573,"column":2},"end":{"line":580,"column":3}},"232":{"start":{"line":574,"column":3},"end":{"line":574,"column":22}},"233":{"start":{"line":575,"column":3},"end":{"line":575,"column":26}},"234":{"start":{"line":576,"column":3},"end":{"line":576,"column":35}},"235":{"start":{"line":578,"column":3},"end":{"line":578,"column":44}},"236":{"start":{"line":579,"column":3},"end":{"line":579,"column":48}},"237":{"start":{"line":582,"column":2},"end":{"line":612,"column":6}},"238":{"start":{"line":583,"column":3},"end":{"line":595,"column":4}},"239":{"start":{"line":588,"column":4},"end":{"line":592,"column":5}},"240":{"start":{"line":591,"column":5},"end":{"line":591,"column":12}},"241":{"start":{"line":593,"column":4},"end":{"line":594,"column":35}},"242":{"start":{"line":598,"column":3},"end":{"line":601,"column":4}},"243":{"start":{"line":599,"column":4},"end":{"line":600,"column":51}},"244":{"start":{"line":603,"column":3},"end":{"line":603,"column":51}},"245":{"start":{"line":604,"column":3},"end":{"line":604,"column":56}},"246":{"start":{"line":605,"column":3},"end":{"line":605,"column":29}},"247":{"start":{"line":607,"column":3},"end":{"line":611,"column":4}},"248":{"start":{"line":608,"column":4},"end":{"line":608,"column":60}},"249":{"start":{"line":610,"column":4},"end":{"line":610,"column":42}},"250":{"start":{"line":616,"column":2},"end":{"line":617,"column":23}},"251":{"start":{"line":618,"column":2},"end":{"line":618,"column":44}},"252":{"start":{"line":621,"column":2},"end":{"line":621,"column":58}},"253":{"start":{"line":622,"column":2},"end":{"line":622,"column":60}},"254":{"start":{"line":623,"column":2},"end":{"line":623,"column":60}},"255":{"start":{"line":627,"column":2},"end":{"line":630,"column":3}},"256":{"start":{"line":628,"column":3},"end":{"line":629,"column":34}},"257":{"start":{"line":631,"column":2},"end":{"line":631,"column":22}},"258":{"start":{"line":632,"column":2},"end":{"line":632,"column":48}},"259":{"start":{"line":636,"column":2},"end":{"line":636,"column":49}},"260":{"start":{"line":637,"column":2},"end":{"line":644,"column":6}},"261":{"start":{"line":639,"column":4},"end":{"line":639,"column":71}},"262":{"start":{"line":642,"column":4},"end":{"line":642,"column":74}},"263":{"start":{"line":648,"column":2},"end":{"line":648,"column":49}},"264":{"start":{"line":649,"column":2},"end":{"line":656,"column":6}},"265":{"start":{"line":651,"column":4},"end":{"line":651,"column":71}},"266":{"start":{"line":654,"column":4},"end":{"line":654,"column":74}},"267":{"start":{"line":660,"column":2},"end":{"line":660,"column":17}},"268":{"start":{"line":661,"column":2},"end":{"line":661,"column":38}},"269":{"start":{"line":663,"column":2},"end":{"line":663,"column":20}},"270":{"start":{"line":664,"column":2},"end":{"line":664,"column":27}},"271":{"start":{"line":665,"column":2},"end":{"line":667,"column":49}},"272":{"start":{"line":671,"column":2},"end":{"line":671,"column":35}},"273":{"start":{"line":674,"column":2},"end":{"line":674,"column":29}},"274":{"start":{"line":675,"column":2},"end":{"line":681,"column":3}},"275":{"start":{"line":676,"column":3},"end":{"line":680,"column":4}},"276":{"start":{"line":677,"column":4},"end":{"line":679,"column":5}},"277":{"start":{"line":678,"column":5},"end":{"line":678,"column":34}},"278":{"start":{"line":683,"column":2},"end":{"line":683,"column":38}},"279":{"start":{"line":684,"column":2},"end":{"line":686,"column":32}},"280":{"start":{"line":690,"column":0},"end":{"line":729,"column":4}},"281":{"start":{"line":691,"column":1},"end":{"line":728,"column":3}},"282":{"start":{"line":692,"column":2},"end":{"line":694,"column":3}},"283":{
[...]
"99":0,"102":0,"104":0,"107":0,"115":0,"121":0,"125":0,"138":0,"139":0,"140":0,"144":0,"146":0,"153":0,"154":0,"157":0,"159":0,"160":0,"161":0,"164":0,"168":0,"169":0,"173":0,"174":0,"180":0,"181":0,"184":0,"185":0,"186":0,"192":0,"199":0,"200":0,"203":0,"204":0,"205":0,"206":0,"209":0,"210":0,"211":0,"212":0,"215":0,"216":0,"217":0,"219":0,"220":0,"233":0,"234":0,"235":0,"236":0,"239":0,"240":0,"241":0,"242":0,"245":0,"246":0,"248":0,"253":0,"254":0,"255":0,"272":0,"275":0,"276":0,"298":0,"299":0,"301":0,"302":0,"304":0,"305":0,"307":0,"309":0,"313":0,"317":0,"320":0,"329":0,"332":0,"333":0,"335":0,"338":0,"339":0,"343":0,"344":0,"346":0,"351":0,"352":0,"355":0,"356":0,"360":0,"364":0,"373":0,"376":0,"377":0,"379":0,"382":0,"383":0,"387":0,"388":0,"390":0,"395":0,"396":0,"399":0,"400":0,"404":0,"410":0,"431":0,"432":0,"434":0,"435":0,"437":0,"438":0,"440":0,"441":0,"446":0,"467":0,"468":0,"470":0,"471":0,"473":0,"474":0,"476":0,"477":0,"484":0,"485":0,"488":0,"489":0,"496":0}},"/home/travis/build/npmtest/node-npmtest-jquery-ui/node_modules/jquery-ui/ui/safe-active-element.js":{"path":"/home/travis/build/npmtest/node-npmtest-jquery-ui/node_modules/jquery-ui/ui/safe-active-element.js","s":{"1":2,"2":2,"3":0,"4":2,"5":0,"6":0,"7":0,"8":0,"9":0,"10":0,"11":0,"12":0,"13":0,"14":0},"b":{"1":[0,2],"2":[2,0],"3":[0,0],"4":[0,0]},"f":{"1":2,"2":0,"3":0},"fnMap":{"1":{"name":"(anonymous_1)","line":1,"loc":{"start":{"line":1,"column":2},"end":{"line":1,"column":22}}},"2":{"name":"(anonymous_2)","line":11,"loc":{"start":{"line":11,"column":4},"end":{"line":11,"column":18}}},"3":{"name":"(anonymous_3)","line":12,"loc":{"start":{"line":12,"column":32},"end":{"line":12,"column":53}}}},"statementMap":{"1":{"start":{"line":1,"column":0},"end":{"line":40,"column":6}},"2":{"start":{"line":2,"column":1},"end":{"line":10,"column":2}},"3":{"start":{"line":5,"column":2},"end":{"line":5,"column":47}},"4":{"start":{"line":9,"column":2},"end":{"line":9,"column":20}},"5":{"start":{"line":12,"column":0},"end":{"line":38,"column":2}},"6":{"start":{"line":13,"column":1},"end":{"line":13,"column":19}},"7":{"start":{"line":17,"column":1},"end":{"line":21,"column":2}},"8":{"start":{"line":18,"column":2},"end":{"line":18,"column":41}},"9":{"start":{"line":20,"column":2},"end":{"line":20,"column":32}},"10":{"start":{"line":26,"column":1},"end":{"line":28,"column":2}},"11":{"start":{"line":27,"column":2},"end":{"line":27,"column":32}},"12":{"start":{"line":33,"column":1},"end":{"line":35,"column":2}},"13":{"start":{"line":34,"column":2},"end":{"line":34,"column":32}},"14":{"start":{"line":37,"column":1},"end":{"line":37,"column":22}}},"branchMap":{"1":{"line":2,"type":"if","locations":[{"start":{"line":2,"column":1},"end":{"line":2,"column":1}},{"start":{"line":2,"column":1},"end":{"line":2,"column":1}}]},"2":{"line":2,"type":"binary-expr","locations":[{"start":{"line":2,"column":6},"end":{"line":2,"column":34}},{"start":{"line":2,"column":38},"end":{"line":2,"column":48}}]},"3":{"line":26,"type":"if","locations":[{"start":{"line":26,"column":1},"end":{"line":26,"column":1}},{"start":{"line":26,"column":1},"end":{"line":26,"column":1}}]},"4":{"line":33,"type":"if","locations":[{"start":{"line":33,"column":1},"end":{"line":33,"column":1}},{"start":{"line":33,"column":1},"end":{"line":33,"column":1}}]}},"code":["( function( factory ) {","\tif ( typeof define === \"function\" && define.amd ) {","","\t\t// AMD. Register as an anonymous module.","\t\tdefine( [ \"jquery\", \"./version\" ], factory );","\t} else {","","\t\t// Browser globals","\t\tfactory( jQuery );","\t}","} ( function( $ ) {","return $.ui.safeActiveElement = function( document ) {","\tvar activeElement;","","\t// Support: IE 9 only","\t// IE9 throws an \"Unspecified error\" accessing document.activeElement from an <iframe>","\ttry {","\t\tactiveElement = document.activeElement;","\t} catch ( error ) {","\t\tactiveElement = document.body;","\t}","","\t// Support: IE 9 - 11 only","\t// IE may return null instead of an element","\t// Interestingly, this only seems to occur when NOT in an iframe","\tif ( !activeElement ) {","\t\tactiveElement = document.body;","\t}","","\t// Support: IE 11 only","\t// IE11 returns a seemingly empty object in some cases when accessing","\t// document.activeElement from an <iframe>","\tif ( !activeElement.nodeName ) {","\t\tactiveElement = document.body;","\t}","","\treturn activeElement;","};","","} ) );",""],"l":{"1":2,"2":2,"5":0,"9":2,"12":0,"13":0,"17":0,"18":0,"20":0,"26":0,"27":0,"33":0,"34":0,"37":0}},"/home/travis/build/npmtest/node-npmtest-jquery-ui/node_modules/jquery-ui/ui/safe-blur.js":{"path":"/home/travis/build/npmtest/node-npmtest-jquery-ui/node_modules/jquery-ui/ui/safe-blur.js","s":{"1":2,"2":2,"3":0,"4":2,"5":0,"6":0,"7":0},"b":{"1":[0,2],"2":[2,0],"3":[0,0],"4":[0,0]},"f":{"1":2,"2":0,"3":0},"fnMap":{"1":{"name":"(anonymous_1)","line":1,"loc":{"start":{"line":1,"column":2},"end":{"line":1,"column":22}}},"2":{"name":"(anonymous_2)","line":11,"loc":{"start":{"line":11,"column":4},"end":{"line":11,"column":18}}},"3":{"name":"(anonymous_3)","line":12,"loc":{"start":{"line":12,"column":23},"end":{"line":12,"column":43}}}},"statementMap":{"1":{"start":{"line":1,"column":0},"end":{"line":21,"column":6}},"2":{"start":{"line":2,"column":1},"end":{"line":10,"column":2}},"3":{"start":{"line":5,"column":2},"end":{"line":5,"column":47}},"4":{"start":{"line":9,"column":2},"end":{"line":9,"column":20}},"5":{"start":{"line":12,"column":0},"end":{"line":19,"column":2}},"6":{"start":{"line":16,"column":1},"end":{"line":18,"column":2}},"7":{"start":{"line":17,"column":2},"end":{"line":17,"column":33}}},"branchMap":{"1":{"line":2,"type":"if","locations":[{"start":{"line":2,"column":1},"end":{"line":2,"column":1}},{"start":{"line":2,"column":1},"end":{"line":2,"column":1}}]},"2":{"line":2,"type":"binary-expr","locations":[{"start":{"line":2,"column":6},"end":{"line":2,"column":34}},{"start":{"line":2,"column":38},"end":{"line":2,"column":48}}]},"3":{"line":16,"type":"if","locations":[{"start":{"line":16,"column":1},"end":{"line":16,"column":1}},{"start":{"line":16,"column":1},"end":{"line":16,"column":1}}]},"4":{"line":16,"type":"binary-expr","locations":[{"start":{"line":16,"column":6},"end":{"line":16,"column":13}},{"start":{"line":16,"column":17},"end":{"line":16,"column":58}}]}},"code":["( function( factory ) {","\tif ( typeof define === \"function\" && define.amd ) {","","\t\t// AMD. Register as an anonymous module.","\t\tdefine( [ \"jquery\", \"./version\" ], factory );","\t} else {","","\t\t// Browser globals","\t\tfactory( jQuery );","\t}","} ( function( $ ) {","return $.ui.safeBlur = function( element ) {","","\t// Support: IE9 - 10 only","\t// If the <body> is blurred, IE will switch windows, see #9420","\tif ( element && element.nodeName.toLowerCase() !== \"body\" ) {","\t\t$( element ).trigger( \"blur\" );","\t}","};","","} ) );",""],"l":{"1":2,"2":2,"5":0,"9":2,"12":0,"16":0,"17":0}},"/home/travis/build/npmtest/node-npmtest-jquery-ui/node_modules/jquery-ui/ui/scroll-parent.js":{"path":"/home/travis/build/npmtest/node-npmtest-jquery-ui/node_modules/jquery-ui/ui/scroll-parent.js","s":{"1":2,"2":2,"3":0,"4":2,"5":0,"6":0,"7":0,"8":0,"9":0,"10":0,"11":0},"b":{"1":[0,2],"2":[2,0],"3":[0,0],"4":[0,0],"5":[0,0],"6":[0,0],"7":[0,0],"8":[0,0]},"f":{"1":2,"2":0,"3":0,"4":0},"fnMap":{"1":{"name":"(anonymous_1)","line":15,"loc":{"start":{"line":15,"column":2},"end":{"line":15,"column":22}}},"2":{"name":"(anonymous_2)","line":25,"loc":{"start":{"line":25,"column":4},"end":{"line":25,"column":18}}},"3":{"name":"(anonymous_3)","line":27,"loc":{"start":{"line":27,"column":27},"end":{"line":27,"column":53}}},"4":{"name":"(anonymous_4)","line":31,"loc":{"start":{"line":31,"column":40},"end":{"line":31,"column":51}}}},"statementMap":{"1":{"start":{"line":15,"column":0},"end":{"line":45,"column":6}},"2":{"start":{"line":16,"column":1},"end":{"line":24,"column":2}},"3":{"start":{"line":19,"column":2},"end":{"line":19,"column":47}},"4":{"start":{"line":23,"column":2},"end":{"line":23,"column":20}},"5":{"start":{"line":27,"column":0},"end":{"line":43,"column":2}},"6":{"start":{"line":28,"column":1},"end":{"line":38,"column":14}},"7":{"start":{"line":32,"column":3},"end":{"line":32,"column":26}},"8":{"start":{"line":33,"column":3},"end":{"line":35,"column":4}},"9":{"start":{"line":34,"column":4},"end":{"line":34,"column":17}},"10":{"start":{"line":36,"column":3},"end":{"line":37,"column":33}},"11":{"start":{"line":40,"column":1},"end":{"line":42,"column":15}}},"branchMap":{"1":{"line":16,"type":"if","locations":[{"start":{"line":16,"column":1},"end":{"line":16,"column":1}},{"start":{"line":16,"column":1},"end":{"line":16,"column":1}}]},"2":{"line":16,"type":"binary-expr","locations":[{"start":{"line":16,"column":6},"end":{"line":16,"column":34}},{"start":{"line":16,"column":38},"end":{"line":16,"column":48}}]},"3":{"line":30,"type":"cond-expr","locations":[{"start":{"line":30,"column":34},"end":{"line":30,"column":56}},{"start":{"line":30,"column":59},"end":{"line":30,"column":74}}]},"4":{"line":33,"type":"if","locations":[{"start":{"line":33,"column":3},"end":{"line":33,"column":3}},{"start":{"line":33,"column":3},"end":{"line":33,"column":3}}]},"5":{"line":33,"type":"binary-expr","locations":[{"start":{"line":33,"column":8},"end":{"line":33,"column":27}},{"start":{"line":33,"column":31},"end":{"line":33,"column":68}}]},"6":{"line":40,"type":"cond-expr","locations":[{"start":{"line":41,"column":2},"end":{"line":41,"column":42}},{"start":{"line":42,"column":2},"end":{"line":42,"column":14}}]},"7":{"line":40,"type":"binary-expr","locations":[{"start":{"line":40,"column":8},"end":{"line":40,"column":28}},{"start":{"line":40,"column":32},"end":{"line":40,"column":52}}]},"8":{"line":41,"type":"binary-expr","locations":[{"start":{"line":41,"column":5},"end":{"line":41,"column":28}},{"start":{"line":41,"column":32},"end":{"line":41,"column":40}}]}},"code":["/*!"," * jQuery UI Scroll Parent 1.12.1"," * http://jqueryui.com"," *"," * Copyright jQuery Foundation and other contributors"," * Released under the MIT license."," * http://jquery.org/license"," */","","//>>label: scrollParent","//>>group: Core","//>>description: Get the closest ancestor element that is scrollable.","//>>docs: http://api.jqueryui.com/scrollParent/","","( function( factory ) {","\tif ( typeof define === \"function\" && define.amd ) {","","\t\t// AMD. Register as an anonymous module.","\t\tdefine( [ \"jquery\", \"./version\" ], factory );","\t} else {","","\t\t// Browser globals","\t\tfactory( jQuery );","\t}","} ( function( $ ) {","","return $.fn.scrollParent = function( includeHidden ) {","\tvar position = this.css( \"position\" ),","\t\texcludeStaticParent = position === \"absolute\",","\t\toverflowRegex = includeHidden ? /(auto|scroll|hidden)/ : /(auto|scroll)/,","\t\tscrollParent = this.parents().filter( function() {","\t\t\tvar parent = $( this );","\t\t\tif ( excludeStaticParent && parent.css( \"position\" ) === \"static\" ) {","\t\t\t\treturn false;","\t\t\t}","\t\t\treturn overflowRegex.test( parent.css( \"overflow\" ) + parent.css( \"overflow-y\" ) +","\t\t\t\tparent.css( \"overflow-x\" ) );","\t\t} ).eq( 0 );","","\treturn position === \"fixed\" || !scrollParent.length ?","\t\t$( this[ 0 ].ownerDocument || document ) :","\t\tscrollParent;","};","","} ) );",""],"l":{"15":2,"16":2,"19":0,"23":2,"27":0,"28":0,"32":0,"33":0,"34":0,"36":0,"40":0}},"/home/travis/build/npmtest/node-npmtest-jquery-ui/node_modules/jquery-ui/ui/tabbable.js":{"path":"/home/travis/build/npmtest/node-npmtest-jquery-ui/node_modules/jquery-ui/ui/tabbable.js","s":{"1":2,"2":2,"3":0,"4":2,"5":0,"6":0,"7":0},"b":{"1":[0,2],"2":[2,0],"3":[0,0,0]},"f":{"1":2,"2":0,"3":0},"fnMap":{"1":{"name":"(anonymous_1)","line":15,"loc":{"start":{"line":15,"column":2},"end":{"line":15,"column":22}}},"2":{"name":"(anonymous_2)","line":25,"loc":{"start":{"line":25,"column":4},"end":{"line":25,"column":18}}},"3":{"name":"(anonymous_3)","line":28,"loc":{"start":{"line":28,"column":11},"end":{"line":28,"column":31}}}},"statementMap":{"1":{"start":{"line":15,"column":0},"end":{"line":35,"column":6}},"2":{"start":{"line":16,"column":1},"end":{"line":24,"column":2}},"3":{"start":{"line":19,"column":2},"end":{"line":19,"column":62}},"4":{"start":{"line":23,"column":2},"end":{"line":23,"column":20}},"5":{"start":{"line":27,"column":0},"end":{"line":33,"column":4}},"6":{"start":{"line":29,"column":2},"end":{"line":30,"column":34}},"7":{"start":{"line":31,"column":2},"end":{"line":31,"column":85}}},"branchMap":{"1":{"line":16,"type":"if","locations":[{"start":{"line":16,"column":1},"end":{"line":16,"column":1}},{"start":{"line":16,"column":1},"end":{"line":16,"column":1}}]},"2":{"line":16,"type":"binary-expr","locations":[{"start":{"line":16,"column":6},"end":{"line":16,"column":34}},{"start":{"line":16,"column":38},"end":{"line":16,"column":48}}]},"3":{"line":31,"type":"binary-expr","locations":[{"start":{"line":31,"column":11},"end":{"line":31,"column":23}},{"start":{"line":31,"column":27},"end":{"line":31,"column":40}},{"start":{"line":31,"column":46},"end":{"line":31,"column":84}}]}},"code":["/*!"," * jQuery UI Tabbable 1.12.1"," * http://jqueryui.com"," *"," * Copyright jQuery Foundation and other contributors"," * Released under the MIT license."," * http://jquery.org/license"," */","","//>>label: :tabbable Selector","//>>group: Core","//>>description: Selects elements which can be tabbed to.","//>>docs: http://api.jqueryui.com/tabbable-selector/","","( function( factory ) {","\tif ( typeof define === \"function\" && define.amd ) {","","\t\t// AMD. Register as an anonymous module.","\t\tdefine( [ \"jquery\", \"./version\", \"./focusable\" ], factory );","\t} else {","","\t\t// Browser globals","\t\tfactory( jQuery );","\t}","} ( function( $ ) {","","return $.extend( $.expr[ \":\" ], {","\ttabbable: function( element ) {","\t\tvar tabIndex = $.attr( element, \"tabindex\" ),","\t\t\thasTabindex = tabIndex != null;","\t\treturn ( !hasTabindex || tabIndex >= 0 ) && $.ui.focusable( element, hasTabindex );","\t}","} );","","} ) );",""],"l":{"15":2,"16":2,"19":0,"23":2,"27":0,"29":0,"31":0}},"/home/travis/build/npmtest/node-npmtest-jquery-ui/node_modules/jquery-ui/ui/unique-id.js":{"path":"/home/travis/build/npmtest/node-npmtest-jquery-ui/node_modules/jquery-ui/ui/unique-id.js","s":{"1":2,"2":2,"3":0,"4":2,"5":0,"6":0,"7":0,"8":0,"9":0,"10":0,"11":0,"12":0,"13":0},"b":{"1":[0,2],"2":[2,0],"3":[0,0],"4":[0,0]},"f":{"1":2,"2":0,"3":0,"4":0,"5":0,"6":0,"7":0},"fnMap":{"1":{"name":"(anonymous_1)","line":15,"loc":{"start":{"line":15,"column":2},"end":{"line":15,"column":22}}},"2":{"name":"(anonymous_2)","line":25,"loc":{"start":{"line":25,"column":4},"end":{"line":25,"column":18}}},"3":{"name":"(anonymous_3)","line":28,"loc":{"start":{"line":28,"column":13},"end":{"line":28,"column":24}}},"4":{"name":"(anonymous_4)","line":31,"loc":{"start":{"line":31,"column":9},"end":{"line":31,"column":20}}},"5":{"name":"(anonymous_5)","line":32,"loc":{"start":{"line":32,"column":21},"end":{"line":32,"column":32}}},"6":{"name":"(anonymous_6)","line":40,"loc":{"start":{"line":40,"column":17},"end":{"line":40,"column":28}}},"7":{"name":"(anonymous_7)","line":41,"loc":{"start":{"line":41,"column":20},"end":{"line":41,"column":31}}}},"statementMap":{"1":{"start":{"line":15,"column":0},"end":{"line":49,"column":6}},"2":{"start":{"line":16,"column":1},"end":{"line":24,"column":2}},"3":{"start":{"line":19,"column":2},"end":{"line":19,"column":47}},"4":{"start":{"line":23,"column":2},"end":{"line":23,"column":20}},"5":{"start":{"line":27,"column":0},"end":{"line":47,"column":4}},"6":{"start":{"line":29,"column":2},"end":{"line":29,"column":15}},"7":{"start":{"line":31,"column":2},"end":{"line":37,"column":4}},"8":{"start":{"line":32,"column":3},"end":{"line":36,"column":7}},"9":{"start":{"line":33,"column":4},"end":{"line":35,"column":5}},"10":{"start":{"line":34,"column":5},"end":{"line":34,"column":37}},"11":{"start":{"line":41,"column":2},"end":{"line":45,"column":6}},"12":{"start":{"line":42,"column":3},"end":{"line":44,"column":4}},"13":{"start":{"line":43,"column":4},"end":{"line":43,"column":33}}},"branchMap":{"1":{"line":16,"type":"if","locations":[{"start":{"line":16,"column":1},"end":{"line":16,"column":1}},{"start":{"line":16,"column":1},"end":{"line":16,"column":1}}]},"2":{"line":16,"type":"binary-expr","locations":[{"start":{"line":16,"column":6},"end":{"line":16,"column":34}},{"start":{"line":16,"column":38},"end":{"line":16,"column":48}}]},"3":{"line":33,"type":"if","locations":[{"start":{"line":33,"column":4},"end":{"line":33,"column":4}},{"start":{"line":33,"column":4},"end":{"line":33,"column":4}}]},"4":{"line":42,"type":"if","locations":[{"start":{"line":42,"column":3},"end":{"line":42,"column":3}},{"start":{"line":42,"column":3},"end":{"line":42,"column":3}}]}},"code":["/*!"," * jQuery UI Unique ID 1.12.1"," * http://jqueryui.com"," *"," * Copyright jQuery Foundation and other contributors"," * Released under the MIT license."," * http://jquery.org/license"," */","","//>>label: uniqueId","//>>group: Core","//>>description: Functions to generate and remove uniqueId's","//>>docs: http://api.jqueryui.com/uniqueId/","","( function( factory ) {","\tif ( typeof define === \"function\" && define.amd ) {","","\t\t// AMD. Register as an anonymous module.","\t\tdefine( [ \"jquery\", \"./version\" ], factory );","\t} else {","","\t\t// Browser globals","\t\tfactory( jQuery );","\t}","} ( function( $ ) {","","return $.fn.extend( {","\tuniqueId: ( function() {","\t\tvar uuid = 0;","","\t\treturn function() {","\t\t\treturn this.each( function() {","\t\t\t\tif ( !this.id ) {","\t\t\t\t\tthis.id = \"ui-id-\" + ( ++uuid );","\t\t\t\t}","\t\t\t} );","\t\t};","\t} )(),","","\tremoveUniqueId: function() {","\t\treturn this.each( function() {","\t\t\tif ( /^ui-id-\\d+$/.test( this.id ) ) {","\t\t\t\t$( this ).removeAttr( \"id\" );","\t\t\t}","\t\t} );","\t}","} );","","} ) );",""],"l":{"15":2,"16":2,"19":0,"23":2,"27":0,"29":0,"31":0,"32":0,"33":0,"34":0,"41":0,"42":0,"43":0}},"/home/travis/build/npmtest/node-npmtest-jquery-ui/node_modules/jquery-ui/ui/version.js":{"path":"/home/travis/build/npmtest/node-npmtest-jquery-ui/node_modules/jquery-ui/ui/version.js","s":{"1":2,"2":2,"3":0,"4":2,"5":0,"6":0},"b":{"1":[0,2],"2":[2,0],"3":[0,0]},"f":{"1":2,"2":0},"fnMap":{"1":{"name":"(anonymous_1)","line":1,"loc":{"start":{"line":1,"column":2},"end":{"line":1,"column":22}}},"2":{"name":"(anonymous_2)","line":11,"loc":{"start":{"line":11,"column":4},"end":{"line":11,"column":18}}}},"statementMap":{"1":{"start":{"line":1,"column":0},"end":{"line":17,"column":6}},"2":{"start":{"line":2,"column":1},"end":{"line":10,"column":2}},"3":{"start":{"line":5,"column":2},"end":{"line":5,"column":34}},"4":{"start":{"line":9,"column":2},"end":{"line":9,"column":20}},"5":{"start":{"line":13,"column":0},"end":{"line":13,"column":18}},"6":{"start":{"line":15,"column":0},"end":{"line":15,"column":31}}},"branchMap":{"1":{"line":2,"type":"if","locations":[{"start":{"line":2,"column":1},"end":{"line":2,"column":1}},{"start":{"line":2,"column":1},"end":{"line":2,"column":1}}]},"2":{"line":2,"type":"binary-expr","locations":[{"start":{"line":2,"column":6},"end":{"line":2,"column":34}},{"start":{"line":2,"column":38},"end":{"line":2,"column":48}}]},"3":{"line":13,"type":"binary-expr","locations":[{"start":{"line":13,"column":7},"end":{"line":13,"column":11}},{"start":{"line":13,"column":15},"end":{"line":13,"column":17}}]}},"code":["( function( factory ) {","\tif ( typeof define === \"function\" && define.amd ) {","","\t\t// AMD. Register as an anonymous module.","\t\tdefine( [ \"jquery\" ], factory );","\t} else {","","\t\t// Browser globals","\t\tfactory( jQuery );","\t}","} ( function( $ ) {","","$.ui = $.ui || {};","","return $.ui.version = \"1.12.1\";","","} ) );",""],"l":{"1":2,"2":2,"5":0,"9":2,"13":0,"15":0}}}